2025-06-06 08:21:06 [32minfo[39m: Setting up chat listeners...
2025-06-06 08:21:06 [32minfo[39m: Medication notification scheduler started
2025-06-06 08:21:06 [32minfo[39m: Setting up chat listeners...
2025-06-06 08:21:07 [32minfo[39m: Setting up listener for community: 1
2025-06-06 08:21:07 [32minfo[39m: Setting up listener for community: 1
2025-06-06 08:21:07 [32minfo[39m: Setting up listener for community: 3
2025-06-06 08:21:07 [32minfo[39m: New message in community 3 from user 7
2025-06-06 08:21:07 [32minfo[39m: Setting up listener for community: 3
2025-06-06 08:21:07 [32minfo[39m: New message in community 3 from user 7
2025-06-06 08:21:07 [32minfo[39m: Setting up listener for community: 1
2025-06-06 08:21:07 [32minfo[39m: Setting up listener for community: 3
2025-06-06 08:21:07 [32minfo[39m: New message in community 3 from user 7
2025-06-06 08:21:07 [32minfo[39m: Chat listeners setup complete
2025-06-06 08:21:07 [32minfo[39m: Setting up listener for community: 1
2025-06-06 08:21:07 [32minfo[39m: Setting up listener for community: 3
2025-06-06 08:21:07 [32minfo[39m: New message in community 3 from user 7
2025-06-06 08:21:07 [32minfo[39m: Chat listeners setup complete
2025-06-06 08:21:08 [32minfo[39m: No members to notify
2025-06-06 08:21:08 [32minfo[39m: No members to notify
2025-06-06 08:21:08 [32minfo[39m: No members to notify
2025-06-06 08:21:08 [32minfo[39m: No members to notify
