2025-06-10 07:42:40 [32minfo[39m: Setting up chat listeners...
2025-06-10 07:42:40 [32minfo[39m: Medication notification scheduler started
2025-06-10 07:42:40 [32minfo[39m: Setting up chat listeners...
2025-06-10 07:42:42 [32minfo[39m: Setting up listener for community: 1
2025-06-10 07:42:42 [32minfo[39m: Setting up listener for community: 1
2025-06-10 07:42:42 [32minfo[39m: Setting up listener for community: 3
2025-06-10 07:42:42 [32minfo[39m: Setting up listener for community: 3
2025-06-10 07:42:42 [32minfo[39m: Setting up listener for community: 4
2025-06-10 07:42:42 [32minfo[39m: Setting up listener for community: 4
2025-06-10 07:42:42 [32minfo[39m: Setting up listener for community: 9
2025-06-10 07:42:42 [32minfo[39m: Setting up listener for community: 9
2025-06-10 07:42:42 [32minfo[39m: Setting up listener for community: 1
2025-06-10 07:42:42 [32minfo[39m: Setting up listener for community: 3
2025-06-10 07:42:42 [32minfo[39m: Setting up listener for community: 4
2025-06-10 07:42:42 [32minfo[39m: Setting up listener for community: 9
2025-06-10 07:42:42 [32minfo[39m: Chat listeners setup complete
2025-06-10 07:42:42 [32minfo[39m: Setting up listener for community: 1
2025-06-10 07:42:42 [32minfo[39m: Setting up listener for community: 3
2025-06-10 07:42:42 [32minfo[39m: Setting up listener for community: 4
2025-06-10 07:42:42 [32minfo[39m: Setting up listener for community: 9
2025-06-10 07:42:42 [32minfo[39m: Chat listeners setup complete
2025-06-10 07:48:53 [32minfo[39m: Setting up chat listeners...
2025-06-10 07:48:53 [32minfo[39m: Medication notification scheduler started
2025-06-10 07:48:53 [32minfo[39m: Setting up chat listeners...
2025-06-10 07:48:54 [32minfo[39m: Setting up listener for community: 1
2025-06-10 07:48:54 [32minfo[39m: Setting up listener for community: 1
2025-06-10 07:48:54 [32minfo[39m: Setting up listener for community: 3
2025-06-10 07:48:54 [32minfo[39m: Setting up listener for community: 3
2025-06-10 07:48:54 [32minfo[39m: Setting up listener for community: 4
2025-06-10 07:48:54 [32minfo[39m: Setting up listener for community: 4
2025-06-10 07:48:54 [32minfo[39m: Setting up listener for community: 9
2025-06-10 07:48:54 [32minfo[39m: Setting up listener for community: 9
2025-06-10 07:48:54 [32minfo[39m: Setting up listener for community: 1
2025-06-10 07:48:54 [32minfo[39m: Setting up listener for community: 3
2025-06-10 07:48:54 [32minfo[39m: Setting up listener for community: 4
2025-06-10 07:48:54 [32minfo[39m: Setting up listener for community: 9
2025-06-10 07:48:54 [32minfo[39m: Chat listeners setup complete
2025-06-10 07:48:54 [32minfo[39m: Setting up listener for community: 1
2025-06-10 07:48:54 [32minfo[39m: Setting up listener for community: 3
2025-06-10 07:48:54 [32minfo[39m: Setting up listener for community: 4
2025-06-10 07:48:54 [32minfo[39m: Setting up listener for community: 9
2025-06-10 07:48:54 [32minfo[39m: Chat listeners setup complete
2025-06-10 07:52:48 [32minfo[39m: New message in community 3 from user 5
2025-06-10 07:52:48 [32minfo[39m: New message in community 3 from user 5
2025-06-10 07:52:48 [32minfo[39m: New message in community 3 from user 5
2025-06-10 07:52:48 [32minfo[39m: New message in community 3 from user 5
2025-06-10 07:52:51 [32minfo[39m: Chat notifications sent for message msg_1749559969383_4gejnaq7
2025-06-10 07:52:51 [32minfo[39m: Chat notifications sent for message msg_1749559969383_4gejnaq7
2025-06-10 07:52:51 [32minfo[39m: Chat notifications sent for message msg_1749559969383_4gejnaq7
2025-06-10 07:52:51 [32minfo[39m: Chat notifications sent for message msg_1749559969383_4gejnaq7
