2025-06-08 19:34:46 [32minfo[39m: Setting up chat listeners...
2025-06-08 19:34:47 [32minfo[39m: Medication notification scheduler started
2025-06-08 19:34:47 [32minfo[39m: Setting up chat listeners...
2025-06-08 19:34:49 [32minfo[39m: Setting up listener for community: 1
2025-06-08 19:34:49 [32minfo[39m: Setting up listener for community: 1
2025-06-08 19:34:49 [32minfo[39m: Setting up listener for community: 3
2025-06-08 19:34:49 [32minfo[39m: Setting up listener for community: 3
2025-06-08 19:34:49 [32minfo[39m: Setting up listener for community: 9
2025-06-08 19:34:49 [32minfo[39m: New message in community 9 from user 3
2025-06-08 19:34:49 [32minfo[39m: Setting up listener for community: 9
2025-06-08 19:34:49 [32minfo[39m: New message in community 9 from user 3
2025-06-08 19:34:49 [32minfo[39m: Setting up listener for community: 1
2025-06-08 19:34:49 [32minfo[39m: Setting up listener for community: 3
2025-06-08 19:34:49 [32minfo[39m: Setting up listener for community: 9
2025-06-08 19:34:49 [32minfo[39m: New message in community 9 from user 3
2025-06-08 19:34:49 [32minfo[39m: Chat listeners setup complete
2025-06-08 19:34:49 [32minfo[39m: Setting up listener for community: 1
2025-06-08 19:34:49 [32minfo[39m: Setting up listener for community: 3
2025-06-08 19:34:49 [32minfo[39m: Setting up listener for community: 9
2025-06-08 19:34:49 [32minfo[39m: New message in community 9 from user 3
2025-06-08 19:34:49 [32minfo[39m: Chat listeners setup complete
2025-06-08 19:34:51 [32minfo[39m: No members to notify
2025-06-08 19:34:51 [32minfo[39m: No members to notify
2025-06-08 19:34:51 [32minfo[39m: No members to notify
2025-06-08 19:34:51 [32minfo[39m: No members to notify
2025-06-08 19:37:18 [32minfo[39m: Setting up chat listeners...
2025-06-08 19:37:18 [32minfo[39m: Medication notification scheduler started
2025-06-08 19:37:18 [32minfo[39m: Setting up chat listeners...
2025-06-08 19:37:58 [32minfo[39m: Setting up chat listeners...
2025-06-08 19:37:59 [32minfo[39m: Medication notification scheduler started
2025-06-08 19:37:59 [32minfo[39m: Setting up chat listeners...
2025-06-08 19:38:01 [32minfo[39m: Setting up listener for community: 1
2025-06-08 19:38:01 [32minfo[39m: Setting up listener for community: 1
2025-06-08 19:38:01 [32minfo[39m: Setting up listener for community: 3
2025-06-08 19:38:01 [32minfo[39m: Setting up listener for community: 3
2025-06-08 19:38:01 [32minfo[39m: Setting up listener for community: 9
2025-06-08 19:38:01 [32minfo[39m: New message in community 9 from user 3
2025-06-08 19:38:01 [32minfo[39m: Setting up listener for community: 9
2025-06-08 19:38:01 [32minfo[39m: New message in community 9 from user 3
2025-06-08 19:38:01 [32minfo[39m: Setting up listener for community: 1
2025-06-08 19:38:01 [32minfo[39m: Setting up listener for community: 3
2025-06-08 19:38:01 [32minfo[39m: Setting up listener for community: 9
2025-06-08 19:38:01 [32minfo[39m: New message in community 9 from user 3
2025-06-08 19:38:01 [32minfo[39m: Chat listeners setup complete
2025-06-08 19:38:01 [32minfo[39m: Setting up listener for community: 1
2025-06-08 19:38:01 [32minfo[39m: Setting up listener for community: 3
2025-06-08 19:38:01 [32minfo[39m: Setting up listener for community: 9
2025-06-08 19:38:01 [32minfo[39m: New message in community 9 from user 3
2025-06-08 19:38:01 [32minfo[39m: Chat listeners setup complete
2025-06-08 19:38:03 [32minfo[39m: No members to notify
2025-06-08 19:38:03 [32minfo[39m: No members to notify
2025-06-08 19:38:03 [32minfo[39m: No members to notify
2025-06-08 19:38:03 [32minfo[39m: No members to notify
2025-06-08 19:38:10 [32minfo[39m: Setting up chat listeners...
2025-06-08 19:38:10 [32minfo[39m: Medication notification scheduler started
2025-06-08 19:38:10 [32minfo[39m: Setting up chat listeners...
2025-06-08 19:38:11 [32minfo[39m: Setting up listener for community: 1
2025-06-08 19:38:11 [32minfo[39m: Setting up listener for community: 1
2025-06-08 19:38:11 [32minfo[39m: Setting up listener for community: 3
2025-06-08 19:38:11 [32minfo[39m: Setting up listener for community: 3
2025-06-08 19:38:11 [32minfo[39m: Setting up listener for community: 9
2025-06-08 19:38:11 [32minfo[39m: New message in community 9 from user 3
2025-06-08 19:38:11 [32minfo[39m: Setting up listener for community: 9
2025-06-08 19:38:11 [32minfo[39m: New message in community 9 from user 3
2025-06-08 19:38:11 [32minfo[39m: Setting up listener for community: 1
2025-06-08 19:38:11 [32minfo[39m: Setting up listener for community: 3
2025-06-08 19:38:11 [32minfo[39m: Setting up listener for community: 9
2025-06-08 19:38:11 [32minfo[39m: New message in community 9 from user 3
2025-06-08 19:38:11 [32minfo[39m: Chat listeners setup complete
2025-06-08 19:38:11 [32minfo[39m: Setting up listener for community: 1
2025-06-08 19:38:11 [32minfo[39m: Setting up listener for community: 3
2025-06-08 19:38:11 [32minfo[39m: Setting up listener for community: 9
2025-06-08 19:38:11 [32minfo[39m: New message in community 9 from user 3
2025-06-08 19:38:11 [32minfo[39m: Chat listeners setup complete
2025-06-08 19:38:15 [32minfo[39m: Setting up chat listeners...
2025-06-08 19:38:15 [32minfo[39m: Medication notification scheduler started
2025-06-08 19:38:15 [32minfo[39m: Setting up chat listeners...
2025-06-08 19:38:18 [32minfo[39m: Setting up listener for community: 1
2025-06-08 19:38:18 [32minfo[39m: Setting up listener for community: 1
2025-06-08 19:38:18 [32minfo[39m: Setting up listener for community: 3
2025-06-08 19:38:18 [32minfo[39m: Setting up listener for community: 3
2025-06-08 19:38:18 [32minfo[39m: Setting up listener for community: 9
2025-06-08 19:38:18 [32minfo[39m: New message in community 9 from user 3
2025-06-08 19:38:18 [32minfo[39m: Setting up listener for community: 9
2025-06-08 19:38:18 [32minfo[39m: New message in community 9 from user 3
2025-06-08 19:38:18 [32minfo[39m: Setting up listener for community: 1
2025-06-08 19:38:18 [32minfo[39m: Setting up listener for community: 3
2025-06-08 19:38:18 [32minfo[39m: Setting up listener for community: 9
2025-06-08 19:38:18 [32minfo[39m: New message in community 9 from user 3
2025-06-08 19:38:18 [32minfo[39m: Chat listeners setup complete
2025-06-08 19:38:18 [32minfo[39m: Setting up listener for community: 1
2025-06-08 19:38:18 [32minfo[39m: Setting up listener for community: 3
2025-06-08 19:38:18 [32minfo[39m: Setting up listener for community: 9
2025-06-08 19:38:18 [32minfo[39m: New message in community 9 from user 3
2025-06-08 19:38:18 [32minfo[39m: Chat listeners setup complete
2025-06-08 19:38:21 [32minfo[39m: No members to notify
2025-06-08 19:38:21 [32minfo[39m: No members to notify
2025-06-08 19:38:21 [32minfo[39m: No members to notify
2025-06-08 19:38:21 [32minfo[39m: No members to notify
2025-06-08 19:38:41 [32minfo[39m: Setting up chat listeners...
2025-06-08 19:38:41 [32minfo[39m: Medication notification scheduler started
2025-06-08 19:38:41 [32minfo[39m: Setting up chat listeners...
2025-06-08 19:38:43 [32minfo[39m: Setting up listener for community: 1
2025-06-08 19:38:43 [32minfo[39m: Setting up listener for community: 1
2025-06-08 19:38:43 [32minfo[39m: Setting up listener for community: 3
2025-06-08 19:38:43 [32minfo[39m: Setting up listener for community: 3
2025-06-08 19:38:43 [32minfo[39m: Setting up listener for community: 9
2025-06-08 19:38:43 [32minfo[39m: New message in community 9 from user 3
2025-06-08 19:38:43 [32minfo[39m: Setting up listener for community: 9
2025-06-08 19:38:43 [32minfo[39m: New message in community 9 from user 3
2025-06-08 19:38:43 [32minfo[39m: Setting up listener for community: 1
2025-06-08 19:38:43 [32minfo[39m: Setting up listener for community: 3
2025-06-08 19:38:43 [32minfo[39m: Setting up listener for community: 9
2025-06-08 19:38:43 [32minfo[39m: New message in community 9 from user 3
2025-06-08 19:38:43 [32minfo[39m: Chat listeners setup complete
2025-06-08 19:38:43 [32minfo[39m: Setting up listener for community: 1
2025-06-08 19:38:43 [32minfo[39m: Setting up listener for community: 3
2025-06-08 19:38:43 [32minfo[39m: Setting up listener for community: 9
2025-06-08 19:38:43 [32minfo[39m: New message in community 9 from user 3
2025-06-08 19:38:43 [32minfo[39m: Chat listeners setup complete
2025-06-08 19:38:45 [32minfo[39m: No members to notify
2025-06-08 19:38:45 [32minfo[39m: No members to notify
2025-06-08 19:38:45 [32minfo[39m: No members to notify
2025-06-08 19:38:45 [32minfo[39m: No members to notify
2025-06-08 19:47:16 [32minfo[39m: Setting up chat listeners...
2025-06-08 19:47:17 [32minfo[39m: Medication notification scheduler started
2025-06-08 19:47:17 [32minfo[39m: Setting up chat listeners...
2025-06-08 19:47:18 [32minfo[39m: Setting up listener for community: 1
2025-06-08 19:47:18 [32minfo[39m: Setting up listener for community: 1
2025-06-08 19:47:18 [32minfo[39m: Setting up listener for community: 3
2025-06-08 19:47:18 [32minfo[39m: Setting up listener for community: 3
2025-06-08 19:47:18 [32minfo[39m: Setting up listener for community: 9
2025-06-08 19:47:18 [32minfo[39m: New message in community 9 from user 3
2025-06-08 19:47:18 [32minfo[39m: Setting up listener for community: 9
2025-06-08 19:47:18 [32minfo[39m: New message in community 9 from user 3
2025-06-08 19:47:18 [32minfo[39m: Setting up listener for community: 1
2025-06-08 19:47:18 [32minfo[39m: Setting up listener for community: 3
2025-06-08 19:47:18 [32minfo[39m: Setting up listener for community: 9
2025-06-08 19:47:18 [32minfo[39m: New message in community 9 from user 3
2025-06-08 19:47:18 [32minfo[39m: Chat listeners setup complete
2025-06-08 19:47:18 [32minfo[39m: Setting up listener for community: 1
2025-06-08 19:47:18 [32minfo[39m: Setting up listener for community: 3
2025-06-08 19:47:18 [32minfo[39m: Setting up listener for community: 9
2025-06-08 19:47:18 [32minfo[39m: New message in community 9 from user 3
2025-06-08 19:47:18 [32minfo[39m: Chat listeners setup complete
2025-06-08 19:47:19 [32minfo[39m: No members to notify
2025-06-08 19:47:19 [32minfo[39m: No members to notify
2025-06-08 19:47:19 [32minfo[39m: No members to notify
2025-06-08 19:47:19 [32minfo[39m: No members to notify
2025-06-08 19:49:30 [32minfo[39m: Setting up chat listeners...
2025-06-08 19:49:31 [32minfo[39m: Medication notification scheduler started
2025-06-08 19:49:31 [32minfo[39m: Setting up chat listeners...
2025-06-08 19:49:32 [32minfo[39m: Setting up listener for community: 1
2025-06-08 19:49:32 [32minfo[39m: Setting up listener for community: 1
2025-06-08 19:49:32 [32minfo[39m: Setting up listener for community: 3
2025-06-08 19:49:32 [32minfo[39m: Setting up listener for community: 3
2025-06-08 19:49:32 [32minfo[39m: Setting up listener for community: 9
2025-06-08 19:49:32 [32minfo[39m: New message in community 9 from user 3
2025-06-08 19:49:32 [32minfo[39m: Setting up listener for community: 9
2025-06-08 19:49:32 [32minfo[39m: New message in community 9 from user 3
2025-06-08 19:49:32 [32minfo[39m: Setting up listener for community: 1
2025-06-08 19:49:32 [32minfo[39m: Setting up listener for community: 3
2025-06-08 19:49:32 [32minfo[39m: Setting up listener for community: 9
2025-06-08 19:49:32 [32minfo[39m: New message in community 9 from user 3
2025-06-08 19:49:32 [32minfo[39m: Chat listeners setup complete
2025-06-08 19:49:32 [32minfo[39m: Setting up listener for community: 1
2025-06-08 19:49:32 [32minfo[39m: Setting up listener for community: 3
2025-06-08 19:49:32 [32minfo[39m: Setting up listener for community: 9
2025-06-08 19:49:32 [32minfo[39m: New message in community 9 from user 3
2025-06-08 19:49:32 [32minfo[39m: Chat listeners setup complete
2025-06-08 19:49:33 [32minfo[39m: No members to notify
2025-06-08 19:49:33 [32minfo[39m: No members to notify
2025-06-08 19:49:33 [32minfo[39m: No members to notify
2025-06-08 19:49:33 [32minfo[39m: No members to notify
2025-06-08 19:49:49 [32minfo[39m: Setting up chat listeners...
2025-06-08 19:49:49 [32minfo[39m: Medication notification scheduler started
2025-06-08 19:49:49 [32minfo[39m: Setting up chat listeners...
2025-06-08 19:49:51 [32minfo[39m: Setting up listener for community: 1
2025-06-08 19:49:51 [32minfo[39m: Setting up listener for community: 1
2025-06-08 19:49:51 [32minfo[39m: Setting up listener for community: 3
2025-06-08 19:49:51 [32minfo[39m: Setting up listener for community: 3
2025-06-08 19:49:51 [32minfo[39m: Setting up listener for community: 9
2025-06-08 19:49:51 [32minfo[39m: New message in community 9 from user 3
2025-06-08 19:49:51 [32minfo[39m: Setting up listener for community: 9
2025-06-08 19:49:51 [32minfo[39m: New message in community 9 from user 3
2025-06-08 19:49:51 [32minfo[39m: Setting up listener for community: 1
2025-06-08 19:49:51 [32minfo[39m: Setting up listener for community: 3
2025-06-08 19:49:51 [32minfo[39m: Setting up listener for community: 9
2025-06-08 19:49:51 [32minfo[39m: New message in community 9 from user 3
2025-06-08 19:49:51 [32minfo[39m: Chat listeners setup complete
2025-06-08 19:49:51 [32minfo[39m: Setting up listener for community: 1
2025-06-08 19:49:51 [32minfo[39m: Setting up listener for community: 3
2025-06-08 19:49:51 [32minfo[39m: Setting up listener for community: 9
2025-06-08 19:49:51 [32minfo[39m: New message in community 9 from user 3
2025-06-08 19:49:51 [32minfo[39m: Chat listeners setup complete
2025-06-08 19:49:52 [32minfo[39m: No members to notify
2025-06-08 19:49:52 [32minfo[39m: No members to notify
2025-06-08 19:49:52 [32minfo[39m: No members to notify
2025-06-08 19:49:52 [32minfo[39m: No members to notify
2025-06-08 19:49:57 [32minfo[39m: Setting up chat listeners...
2025-06-08 19:49:58 [32minfo[39m: Medication notification scheduler started
2025-06-08 19:49:58 [32minfo[39m: Setting up chat listeners...
2025-06-08 19:49:59 [32minfo[39m: Setting up listener for community: 1
2025-06-08 19:49:59 [32minfo[39m: Setting up listener for community: 1
2025-06-08 19:49:59 [32minfo[39m: Setting up listener for community: 3
2025-06-08 19:49:59 [32minfo[39m: Setting up listener for community: 3
2025-06-08 19:49:59 [32minfo[39m: Setting up listener for community: 9
2025-06-08 19:49:59 [32minfo[39m: New message in community 9 from user 3
2025-06-08 19:49:59 [32minfo[39m: Setting up listener for community: 9
2025-06-08 19:49:59 [32minfo[39m: New message in community 9 from user 3
2025-06-08 19:49:59 [32minfo[39m: Setting up listener for community: 1
2025-06-08 19:49:59 [32minfo[39m: Setting up listener for community: 3
2025-06-08 19:49:59 [32minfo[39m: Setting up listener for community: 9
2025-06-08 19:49:59 [32minfo[39m: New message in community 9 from user 3
2025-06-08 19:49:59 [32minfo[39m: Chat listeners setup complete
2025-06-08 19:49:59 [32minfo[39m: Setting up listener for community: 1
2025-06-08 19:49:59 [32minfo[39m: Setting up listener for community: 3
2025-06-08 19:49:59 [32minfo[39m: Setting up listener for community: 9
2025-06-08 19:49:59 [32minfo[39m: New message in community 9 from user 3
2025-06-08 19:49:59 [32minfo[39m: Chat listeners setup complete
2025-06-08 19:50:00 [32minfo[39m: No members to notify
2025-06-08 19:50:00 [32minfo[39m: No members to notify
2025-06-08 19:50:00 [32minfo[39m: No members to notify
2025-06-08 19:50:00 [32minfo[39m: No members to notify
2025-06-08 19:50:06 [32minfo[39m: Setting up chat listeners...
2025-06-08 19:50:06 [32minfo[39m: Medication notification scheduler started
2025-06-08 19:50:07 [32minfo[39m: Setting up chat listeners...
2025-06-08 19:50:07 [32minfo[39m: Setting up listener for community: 1
2025-06-08 19:50:07 [32minfo[39m: Setting up listener for community: 1
2025-06-08 19:50:07 [32minfo[39m: Setting up listener for community: 3
2025-06-08 19:50:07 [32minfo[39m: Setting up listener for community: 3
2025-06-08 19:50:07 [32minfo[39m: Setting up listener for community: 9
2025-06-08 19:50:07 [32minfo[39m: New message in community 9 from user 3
2025-06-08 19:50:07 [32minfo[39m: Setting up listener for community: 9
2025-06-08 19:50:07 [32minfo[39m: New message in community 9 from user 3
2025-06-08 19:50:07 [32minfo[39m: Setting up listener for community: 1
2025-06-08 19:50:07 [32minfo[39m: Setting up listener for community: 3
2025-06-08 19:50:07 [32minfo[39m: Setting up listener for community: 9
2025-06-08 19:50:07 [32minfo[39m: New message in community 9 from user 3
2025-06-08 19:50:07 [32minfo[39m: Chat listeners setup complete
2025-06-08 19:50:07 [32minfo[39m: Setting up listener for community: 1
2025-06-08 19:50:07 [32minfo[39m: Setting up listener for community: 3
2025-06-08 19:50:07 [32minfo[39m: Setting up listener for community: 9
2025-06-08 19:50:07 [32minfo[39m: New message in community 9 from user 3
2025-06-08 19:50:07 [32minfo[39m: Chat listeners setup complete
2025-06-08 19:50:09 [32minfo[39m: No members to notify
2025-06-08 19:50:09 [32minfo[39m: No members to notify
2025-06-08 19:50:09 [32minfo[39m: No members to notify
2025-06-08 19:50:09 [32minfo[39m: No members to notify
2025-06-08 19:50:11 [32minfo[39m: Setting up chat listeners...
2025-06-08 19:50:12 [32minfo[39m: Medication notification scheduler started
2025-06-08 19:50:12 [32minfo[39m: Setting up chat listeners...
2025-06-08 19:50:12 [32minfo[39m: Setting up listener for community: 1
2025-06-08 19:50:13 [32minfo[39m: Setting up listener for community: 1
2025-06-08 19:50:13 [32minfo[39m: Setting up listener for community: 3
2025-06-08 19:50:13 [32minfo[39m: Setting up listener for community: 3
2025-06-08 19:50:13 [32minfo[39m: Setting up listener for community: 9
2025-06-08 19:50:13 [32minfo[39m: New message in community 9 from user 3
2025-06-08 19:50:13 [32minfo[39m: Setting up listener for community: 9
2025-06-08 19:50:13 [32minfo[39m: New message in community 9 from user 3
2025-06-08 19:50:13 [32minfo[39m: Setting up listener for community: 1
2025-06-08 19:50:13 [32minfo[39m: Setting up listener for community: 3
2025-06-08 19:50:13 [32minfo[39m: Setting up listener for community: 9
2025-06-08 19:50:13 [32minfo[39m: New message in community 9 from user 3
2025-06-08 19:50:13 [32minfo[39m: Chat listeners setup complete
2025-06-08 19:50:13 [32minfo[39m: Setting up listener for community: 1
2025-06-08 19:50:13 [32minfo[39m: Setting up listener for community: 3
2025-06-08 19:50:13 [32minfo[39m: Setting up listener for community: 9
2025-06-08 19:50:13 [32minfo[39m: New message in community 9 from user 3
2025-06-08 19:50:13 [32minfo[39m: Chat listeners setup complete
2025-06-08 19:50:14 [32minfo[39m: No members to notify
2025-06-08 19:50:14 [32minfo[39m: No members to notify
2025-06-08 19:50:14 [32minfo[39m: No members to notify
2025-06-08 19:50:14 [32minfo[39m: No members to notify
2025-06-08 19:55:34 [32minfo[39m: Setting up chat listeners...
2025-06-08 19:55:35 [32minfo[39m: Medication notification scheduler started
2025-06-08 19:55:35 [32minfo[39m: Setting up chat listeners...
2025-06-08 19:55:36 [32minfo[39m: Setting up listener for community: 1
2025-06-08 19:55:36 [32minfo[39m: Setting up listener for community: 1
2025-06-08 19:55:36 [32minfo[39m: Setting up listener for community: 3
2025-06-08 19:55:36 [32minfo[39m: Setting up listener for community: 3
2025-06-08 19:55:36 [32minfo[39m: Setting up listener for community: 9
2025-06-08 19:55:36 [32minfo[39m: New message in community 9 from user 3
2025-06-08 19:55:36 [32minfo[39m: Setting up listener for community: 9
2025-06-08 19:55:36 [32minfo[39m: New message in community 9 from user 3
2025-06-08 19:55:36 [32minfo[39m: Setting up listener for community: 1
2025-06-08 19:55:36 [32minfo[39m: Setting up listener for community: 3
2025-06-08 19:55:36 [32minfo[39m: Setting up listener for community: 9
2025-06-08 19:55:36 [32minfo[39m: New message in community 9 from user 3
2025-06-08 19:55:36 [32minfo[39m: Chat listeners setup complete
2025-06-08 19:55:36 [32minfo[39m: Setting up listener for community: 1
2025-06-08 19:55:36 [32minfo[39m: Setting up listener for community: 3
2025-06-08 19:55:36 [32minfo[39m: Setting up listener for community: 9
2025-06-08 19:55:36 [32minfo[39m: New message in community 9 from user 3
2025-06-08 19:55:36 [32minfo[39m: Chat listeners setup complete
2025-06-08 19:55:37 [32minfo[39m: No members to notify
2025-06-08 19:55:37 [32minfo[39m: No members to notify
2025-06-08 19:55:37 [32minfo[39m: No members to notify
2025-06-08 19:55:37 [32minfo[39m: No members to notify
2025-06-08 19:55:39 [32minfo[39m: Setting up chat listeners...
2025-06-08 19:55:39 [32minfo[39m: Medication notification scheduler started
2025-06-08 19:55:39 [32minfo[39m: Setting up chat listeners...
2025-06-08 19:55:41 [32minfo[39m: Setting up listener for community: 1
2025-06-08 19:55:41 [32minfo[39m: Setting up listener for community: 1
2025-06-08 19:55:41 [32minfo[39m: Setting up listener for community: 3
2025-06-08 19:55:41 [32minfo[39m: Setting up listener for community: 3
2025-06-08 19:55:41 [32minfo[39m: Setting up listener for community: 9
2025-06-08 19:55:41 [32minfo[39m: New message in community 9 from user 3
2025-06-08 19:55:41 [32minfo[39m: Setting up listener for community: 9
2025-06-08 19:55:41 [32minfo[39m: New message in community 9 from user 3
2025-06-08 19:55:41 [32minfo[39m: Setting up listener for community: 1
2025-06-08 19:55:41 [32minfo[39m: Setting up listener for community: 3
2025-06-08 19:55:41 [32minfo[39m: Setting up listener for community: 9
2025-06-08 19:55:41 [32minfo[39m: New message in community 9 from user 3
2025-06-08 19:55:41 [32minfo[39m: Chat listeners setup complete
2025-06-08 19:55:41 [32minfo[39m: Setting up listener for community: 1
2025-06-08 19:55:41 [32minfo[39m: Setting up listener for community: 3
2025-06-08 19:55:41 [32minfo[39m: Setting up listener for community: 9
2025-06-08 19:55:41 [32minfo[39m: New message in community 9 from user 3
2025-06-08 19:55:41 [32minfo[39m: Chat listeners setup complete
2025-06-08 19:55:42 [32minfo[39m: No members to notify
2025-06-08 19:55:42 [32minfo[39m: No members to notify
2025-06-08 19:55:42 [32minfo[39m: No members to notify
2025-06-08 19:55:42 [32minfo[39m: No members to notify
2025-06-08 19:56:42 [32minfo[39m: Setting up chat listeners...
2025-06-08 19:56:42 [32minfo[39m: Medication notification scheduler started
2025-06-08 19:56:42 [32minfo[39m: Setting up chat listeners...
2025-06-08 19:56:43 [32minfo[39m: Setting up listener for community: 1
2025-06-08 19:56:43 [32minfo[39m: Setting up listener for community: 1
2025-06-08 19:56:43 [32minfo[39m: Setting up listener for community: 3
2025-06-08 19:56:43 [32minfo[39m: Setting up listener for community: 3
2025-06-08 19:56:43 [32minfo[39m: Setting up listener for community: 9
2025-06-08 19:56:43 [32minfo[39m: New message in community 9 from user 3
2025-06-08 19:56:43 [32minfo[39m: Setting up listener for community: 9
2025-06-08 19:56:43 [32minfo[39m: New message in community 9 from user 3
2025-06-08 19:56:43 [32minfo[39m: Setting up listener for community: 1
2025-06-08 19:56:43 [32minfo[39m: Setting up listener for community: 3
2025-06-08 19:56:43 [32minfo[39m: Setting up listener for community: 9
2025-06-08 19:56:43 [32minfo[39m: New message in community 9 from user 3
2025-06-08 19:56:43 [32minfo[39m: Chat listeners setup complete
2025-06-08 19:56:43 [32minfo[39m: Setting up listener for community: 1
2025-06-08 19:56:43 [32minfo[39m: Setting up listener for community: 3
2025-06-08 19:56:43 [32minfo[39m: Setting up listener for community: 9
2025-06-08 19:56:43 [32minfo[39m: New message in community 9 from user 3
2025-06-08 19:56:43 [32minfo[39m: Chat listeners setup complete
2025-06-08 19:56:45 [32minfo[39m: No members to notify
2025-06-08 19:56:45 [32minfo[39m: No members to notify
2025-06-08 19:56:45 [32minfo[39m: No members to notify
2025-06-08 19:56:45 [32minfo[39m: No members to notify
2025-06-08 19:57:00 [32minfo[39m: Setting up chat listeners...
2025-06-08 19:57:01 [32minfo[39m: Medication notification scheduler started
2025-06-08 19:57:01 [32minfo[39m: Setting up chat listeners...
2025-06-08 19:57:02 [32minfo[39m: Setting up listener for community: 1
2025-06-08 19:57:02 [32minfo[39m: Setting up listener for community: 1
2025-06-08 19:57:02 [32minfo[39m: Setting up listener for community: 3
2025-06-08 19:57:02 [32minfo[39m: Setting up listener for community: 3
2025-06-08 19:57:02 [32minfo[39m: Setting up listener for community: 9
2025-06-08 19:57:02 [32minfo[39m: New message in community 9 from user 3
2025-06-08 19:57:02 [32minfo[39m: Setting up listener for community: 9
2025-06-08 19:57:02 [32minfo[39m: New message in community 9 from user 3
2025-06-08 19:57:02 [32minfo[39m: Setting up listener for community: 1
2025-06-08 19:57:02 [32minfo[39m: Setting up listener for community: 3
2025-06-08 19:57:02 [32minfo[39m: Setting up listener for community: 9
2025-06-08 19:57:02 [32minfo[39m: New message in community 9 from user 3
2025-06-08 19:57:02 [32minfo[39m: Chat listeners setup complete
2025-06-08 19:57:02 [32minfo[39m: Setting up listener for community: 1
2025-06-08 19:57:02 [32minfo[39m: Setting up listener for community: 3
2025-06-08 19:57:02 [32minfo[39m: Setting up listener for community: 9
2025-06-08 19:57:02 [32minfo[39m: New message in community 9 from user 3
2025-06-08 19:57:02 [32minfo[39m: Chat listeners setup complete
2025-06-08 19:57:03 [32minfo[39m: No members to notify
2025-06-08 19:57:03 [32minfo[39m: No members to notify
2025-06-08 19:57:03 [32minfo[39m: No members to notify
2025-06-08 19:57:03 [32minfo[39m: No members to notify
2025-06-08 19:59:32 [32minfo[39m: Setting up chat listeners...
2025-06-08 19:59:33 [32minfo[39m: Medication notification scheduler started
2025-06-08 19:59:33 [32minfo[39m: Setting up chat listeners...
2025-06-08 19:59:34 [32minfo[39m: Setting up listener for community: 1
2025-06-08 19:59:34 [32minfo[39m: Setting up listener for community: 1
2025-06-08 19:59:34 [32minfo[39m: Setting up listener for community: 3
2025-06-08 19:59:34 [32minfo[39m: Setting up listener for community: 3
2025-06-08 19:59:34 [32minfo[39m: Setting up listener for community: 9
2025-06-08 19:59:34 [32minfo[39m: New message in community 9 from user 3
2025-06-08 19:59:34 [32minfo[39m: Setting up listener for community: 9
2025-06-08 19:59:34 [32minfo[39m: New message in community 9 from user 3
2025-06-08 19:59:34 [32minfo[39m: Setting up listener for community: 1
2025-06-08 19:59:34 [32minfo[39m: Setting up listener for community: 3
2025-06-08 19:59:34 [32minfo[39m: Setting up listener for community: 9
2025-06-08 19:59:34 [32minfo[39m: New message in community 9 from user 3
2025-06-08 19:59:34 [32minfo[39m: Chat listeners setup complete
2025-06-08 19:59:34 [32minfo[39m: Setting up listener for community: 1
2025-06-08 19:59:34 [32minfo[39m: Setting up listener for community: 3
2025-06-08 19:59:34 [32minfo[39m: Setting up listener for community: 9
2025-06-08 19:59:34 [32minfo[39m: New message in community 9 from user 3
2025-06-08 19:59:34 [32minfo[39m: Chat listeners setup complete
2025-06-08 19:59:35 [32minfo[39m: No members to notify
2025-06-08 19:59:35 [32minfo[39m: No members to notify
2025-06-08 19:59:35 [32minfo[39m: No members to notify
2025-06-08 19:59:35 [32minfo[39m: No members to notify
2025-06-08 19:59:39 [32minfo[39m: Setting up chat listeners...
2025-06-08 19:59:40 [32minfo[39m: Medication notification scheduler started
2025-06-08 19:59:40 [32minfo[39m: Setting up chat listeners...
2025-06-08 19:59:43 [32minfo[39m: Setting up chat listeners...
2025-06-08 19:59:43 [32minfo[39m: Medication notification scheduler started
2025-06-08 19:59:43 [32minfo[39m: Setting up chat listeners...
2025-06-08 19:59:44 [32minfo[39m: Setting up listener for community: 1
2025-06-08 19:59:44 [32minfo[39m: Setting up listener for community: 1
2025-06-08 19:59:44 [32minfo[39m: Setting up listener for community: 3
2025-06-08 19:59:44 [32minfo[39m: Setting up listener for community: 3
2025-06-08 19:59:44 [32minfo[39m: Setting up listener for community: 9
2025-06-08 19:59:44 [32minfo[39m: New message in community 9 from user 3
2025-06-08 19:59:44 [32minfo[39m: Setting up listener for community: 9
2025-06-08 19:59:44 [32minfo[39m: New message in community 9 from user 3
2025-06-08 19:59:44 [32minfo[39m: Setting up listener for community: 1
2025-06-08 19:59:44 [32minfo[39m: Setting up listener for community: 3
2025-06-08 19:59:44 [32minfo[39m: Setting up listener for community: 9
2025-06-08 19:59:44 [32minfo[39m: New message in community 9 from user 3
2025-06-08 19:59:44 [32minfo[39m: Chat listeners setup complete
2025-06-08 19:59:44 [32minfo[39m: Setting up listener for community: 1
2025-06-08 19:59:44 [32minfo[39m: Setting up listener for community: 3
2025-06-08 19:59:44 [32minfo[39m: Setting up listener for community: 9
2025-06-08 19:59:44 [32minfo[39m: New message in community 9 from user 3
2025-06-08 19:59:44 [32minfo[39m: Chat listeners setup complete
2025-06-08 19:59:45 [32minfo[39m: No members to notify
2025-06-08 19:59:45 [32minfo[39m: No members to notify
2025-06-08 19:59:45 [32minfo[39m: No members to notify
2025-06-08 19:59:45 [32minfo[39m: No members to notify
2025-06-08 20:00:03 [32minfo[39m: Setting up chat listeners...
2025-06-08 20:00:04 [32minfo[39m: Medication notification scheduler started
2025-06-08 20:00:04 [32minfo[39m: Setting up chat listeners...
2025-06-08 20:00:04 [32minfo[39m: Setting up listener for community: 1
2025-06-08 20:00:04 [32minfo[39m: Setting up listener for community: 1
2025-06-08 20:00:04 [32minfo[39m: Setting up listener for community: 3
2025-06-08 20:00:04 [32minfo[39m: Setting up listener for community: 3
2025-06-08 20:00:04 [32minfo[39m: Setting up listener for community: 9
2025-06-08 20:00:04 [32minfo[39m: New message in community 9 from user 3
2025-06-08 20:00:04 [32minfo[39m: Setting up listener for community: 9
2025-06-08 20:00:04 [32minfo[39m: New message in community 9 from user 3
2025-06-08 20:00:04 [32minfo[39m: Setting up listener for community: 1
2025-06-08 20:00:04 [32minfo[39m: Setting up listener for community: 3
2025-06-08 20:00:04 [32minfo[39m: Setting up listener for community: 9
2025-06-08 20:00:04 [32minfo[39m: New message in community 9 from user 3
2025-06-08 20:00:04 [32minfo[39m: Chat listeners setup complete
2025-06-08 20:00:04 [32minfo[39m: Setting up listener for community: 1
2025-06-08 20:00:04 [32minfo[39m: Setting up listener for community: 3
2025-06-08 20:00:04 [32minfo[39m: Setting up listener for community: 9
2025-06-08 20:00:04 [32minfo[39m: New message in community 9 from user 3
2025-06-08 20:00:04 [32minfo[39m: Chat listeners setup complete
2025-06-08 20:00:06 [32minfo[39m: No members to notify
2025-06-08 20:00:06 [32minfo[39m: No members to notify
2025-06-08 20:00:06 [32minfo[39m: No members to notify
2025-06-08 20:00:06 [32minfo[39m: No members to notify
2025-06-08 20:00:37 [32minfo[39m: Setting up chat listeners...
2025-06-08 20:00:37 [32minfo[39m: Medication notification scheduler started
2025-06-08 20:00:37 [32minfo[39m: Setting up chat listeners...
2025-06-08 20:00:38 [32minfo[39m: Setting up listener for community: 1
2025-06-08 20:00:38 [32minfo[39m: Setting up listener for community: 1
2025-06-08 20:00:38 [32minfo[39m: Setting up listener for community: 3
2025-06-08 20:00:38 [32minfo[39m: Setting up listener for community: 3
2025-06-08 20:00:38 [32minfo[39m: Setting up listener for community: 9
2025-06-08 20:00:38 [32minfo[39m: New message in community 9 from user 3
2025-06-08 20:00:38 [32minfo[39m: Setting up listener for community: 9
2025-06-08 20:00:38 [32minfo[39m: New message in community 9 from user 3
2025-06-08 20:00:38 [32minfo[39m: Setting up listener for community: 1
2025-06-08 20:00:38 [32minfo[39m: Setting up listener for community: 3
2025-06-08 20:00:38 [32minfo[39m: Setting up listener for community: 9
2025-06-08 20:00:38 [32minfo[39m: New message in community 9 from user 3
2025-06-08 20:00:38 [32minfo[39m: Chat listeners setup complete
2025-06-08 20:00:38 [32minfo[39m: Setting up listener for community: 1
2025-06-08 20:00:38 [32minfo[39m: Setting up listener for community: 3
2025-06-08 20:00:38 [32minfo[39m: Setting up listener for community: 9
2025-06-08 20:00:38 [32minfo[39m: New message in community 9 from user 3
2025-06-08 20:00:38 [32minfo[39m: Chat listeners setup complete
2025-06-08 20:00:39 [32minfo[39m: No members to notify
2025-06-08 20:00:39 [32minfo[39m: No members to notify
2025-06-08 20:00:39 [32minfo[39m: No members to notify
2025-06-08 20:00:39 [32minfo[39m: No members to notify
2025-06-08 20:01:41 [32minfo[39m: Setting up chat listeners...
2025-06-08 20:01:42 [32minfo[39m: Medication notification scheduler started
2025-06-08 20:01:42 [32minfo[39m: Setting up chat listeners...
2025-06-08 20:01:43 [32minfo[39m: Setting up listener for community: 1
2025-06-08 20:01:43 [32minfo[39m: Setting up listener for community: 1
2025-06-08 20:01:43 [32minfo[39m: Setting up listener for community: 3
2025-06-08 20:01:43 [32minfo[39m: Setting up listener for community: 3
2025-06-08 20:01:43 [32minfo[39m: Setting up listener for community: 9
2025-06-08 20:01:43 [32minfo[39m: New message in community 9 from user 3
2025-06-08 20:01:43 [32minfo[39m: Setting up listener for community: 9
2025-06-08 20:01:43 [32minfo[39m: New message in community 9 from user 3
2025-06-08 20:01:43 [32minfo[39m: Setting up listener for community: 1
2025-06-08 20:01:43 [32minfo[39m: Setting up listener for community: 3
2025-06-08 20:01:43 [32minfo[39m: Setting up listener for community: 9
2025-06-08 20:01:43 [32minfo[39m: New message in community 9 from user 3
2025-06-08 20:01:43 [32minfo[39m: Chat listeners setup complete
2025-06-08 20:01:43 [32minfo[39m: Setting up listener for community: 1
2025-06-08 20:01:43 [32minfo[39m: Setting up listener for community: 3
2025-06-08 20:01:43 [32minfo[39m: Setting up listener for community: 9
2025-06-08 20:01:43 [32minfo[39m: New message in community 9 from user 3
2025-06-08 20:01:43 [32minfo[39m: Chat listeners setup complete
2025-06-08 20:01:44 [32minfo[39m: No members to notify
2025-06-08 20:01:44 [32minfo[39m: No members to notify
2025-06-08 20:01:44 [32minfo[39m: No members to notify
2025-06-08 20:01:44 [32minfo[39m: No members to notify
2025-06-08 20:01:52 [32minfo[39m: Setting up chat listeners...
2025-06-08 20:01:53 [32minfo[39m: Medication notification scheduler started
2025-06-08 20:01:53 [32minfo[39m: Setting up chat listeners...
2025-06-08 20:01:54 [32minfo[39m: Setting up listener for community: 1
2025-06-08 20:01:54 [32minfo[39m: Setting up listener for community: 1
2025-06-08 20:01:54 [32minfo[39m: Setting up listener for community: 3
2025-06-08 20:01:54 [32minfo[39m: Setting up listener for community: 3
2025-06-08 20:01:54 [32minfo[39m: Setting up listener for community: 9
2025-06-08 20:01:54 [32minfo[39m: New message in community 9 from user 3
2025-06-08 20:01:54 [32minfo[39m: Setting up listener for community: 9
2025-06-08 20:01:54 [32minfo[39m: New message in community 9 from user 3
2025-06-08 20:01:54 [32minfo[39m: Setting up listener for community: 1
2025-06-08 20:01:54 [32minfo[39m: Setting up listener for community: 3
2025-06-08 20:01:54 [32minfo[39m: Setting up listener for community: 9
2025-06-08 20:01:54 [32minfo[39m: New message in community 9 from user 3
2025-06-08 20:01:54 [32minfo[39m: Chat listeners setup complete
2025-06-08 20:01:54 [32minfo[39m: Setting up listener for community: 1
2025-06-08 20:01:54 [32minfo[39m: Setting up listener for community: 3
2025-06-08 20:01:54 [32minfo[39m: Setting up listener for community: 9
2025-06-08 20:01:54 [32minfo[39m: New message in community 9 from user 3
2025-06-08 20:01:54 [32minfo[39m: Chat listeners setup complete
2025-06-08 20:01:55 [32minfo[39m: No members to notify
2025-06-08 20:01:55 [32minfo[39m: No members to notify
2025-06-08 20:01:55 [32minfo[39m: No members to notify
2025-06-08 20:01:55 [32minfo[39m: No members to notify
2025-06-08 20:14:57 [32minfo[39m: Setting up chat listeners...
2025-06-08 20:14:57 [32minfo[39m: Medication notification scheduler started
2025-06-08 20:14:57 [32minfo[39m: Setting up chat listeners...
2025-06-08 20:14:58 [32minfo[39m: Setting up listener for community: 1
2025-06-08 20:14:58 [32minfo[39m: Setting up listener for community: 1
2025-06-08 20:14:58 [32minfo[39m: Setting up listener for community: 3
2025-06-08 20:14:58 [32minfo[39m: Setting up listener for community: 3
2025-06-08 20:14:58 [32minfo[39m: Setting up listener for community: 9
2025-06-08 20:14:58 [32minfo[39m: New message in community 9 from user 3
2025-06-08 20:14:58 [32minfo[39m: Setting up listener for community: 9
2025-06-08 20:14:58 [32minfo[39m: New message in community 9 from user 3
2025-06-08 20:14:58 [32minfo[39m: Setting up listener for community: 1
2025-06-08 20:14:58 [32minfo[39m: Setting up listener for community: 3
2025-06-08 20:14:58 [32minfo[39m: Setting up listener for community: 9
2025-06-08 20:14:58 [32minfo[39m: New message in community 9 from user 3
2025-06-08 20:14:58 [32minfo[39m: Chat listeners setup complete
2025-06-08 20:14:58 [32minfo[39m: Setting up listener for community: 1
2025-06-08 20:14:58 [32minfo[39m: Setting up listener for community: 3
2025-06-08 20:14:58 [32minfo[39m: Setting up listener for community: 9
2025-06-08 20:14:58 [32minfo[39m: New message in community 9 from user 3
2025-06-08 20:14:58 [32minfo[39m: Chat listeners setup complete
2025-06-08 20:14:59 [32minfo[39m: No members to notify
2025-06-08 20:14:59 [32minfo[39m: No members to notify
2025-06-08 20:14:59 [32minfo[39m: No members to notify
2025-06-08 20:14:59 [32minfo[39m: No members to notify
2025-06-08 20:15:43 [32minfo[39m: Setting up chat listeners...
2025-06-08 20:15:43 [32minfo[39m: Medication notification scheduler started
2025-06-08 20:15:43 [32minfo[39m: Setting up chat listeners...
2025-06-08 20:15:44 [32minfo[39m: Setting up listener for community: 1
2025-06-08 20:15:44 [32minfo[39m: Setting up listener for community: 1
2025-06-08 20:15:44 [32minfo[39m: Setting up listener for community: 3
2025-06-08 20:15:44 [32minfo[39m: Setting up listener for community: 3
2025-06-08 20:15:44 [32minfo[39m: Setting up listener for community: 9
2025-06-08 20:15:44 [32minfo[39m: New message in community 9 from user 3
2025-06-08 20:15:44 [32minfo[39m: Setting up listener for community: 9
2025-06-08 20:15:44 [32minfo[39m: New message in community 9 from user 3
2025-06-08 20:15:44 [32minfo[39m: Setting up listener for community: 1
2025-06-08 20:15:44 [32minfo[39m: Setting up listener for community: 3
2025-06-08 20:15:44 [32minfo[39m: Setting up listener for community: 9
2025-06-08 20:15:44 [32minfo[39m: New message in community 9 from user 3
2025-06-08 20:15:44 [32minfo[39m: Chat listeners setup complete
2025-06-08 20:15:44 [32minfo[39m: Setting up listener for community: 1
2025-06-08 20:15:44 [32minfo[39m: Setting up listener for community: 3
2025-06-08 20:15:44 [32minfo[39m: Setting up listener for community: 9
2025-06-08 20:15:44 [32minfo[39m: New message in community 9 from user 3
2025-06-08 20:15:44 [32minfo[39m: Chat listeners setup complete
2025-06-08 20:15:45 [32minfo[39m: No members to notify
2025-06-08 20:15:45 [32minfo[39m: No members to notify
2025-06-08 20:15:45 [32minfo[39m: No members to notify
2025-06-08 20:15:45 [32minfo[39m: No members to notify
2025-06-08 20:16:14 [32minfo[39m: Setting up chat listeners...
2025-06-08 20:16:14 [32minfo[39m: Medication notification scheduler started
2025-06-08 20:16:14 [32minfo[39m: Setting up chat listeners...
2025-06-08 20:16:15 [32minfo[39m: Setting up listener for community: 1
2025-06-08 20:16:15 [32minfo[39m: Setting up listener for community: 1
2025-06-08 20:16:15 [32minfo[39m: Setting up listener for community: 3
2025-06-08 20:16:15 [32minfo[39m: Setting up listener for community: 3
2025-06-08 20:16:15 [32minfo[39m: Setting up listener for community: 9
2025-06-08 20:16:15 [32minfo[39m: New message in community 9 from user 3
2025-06-08 20:16:15 [32minfo[39m: Setting up listener for community: 9
2025-06-08 20:16:15 [32minfo[39m: New message in community 9 from user 3
2025-06-08 20:16:15 [32minfo[39m: Setting up listener for community: 1
2025-06-08 20:16:15 [32minfo[39m: Setting up listener for community: 3
2025-06-08 20:16:15 [32minfo[39m: Setting up listener for community: 9
2025-06-08 20:16:15 [32minfo[39m: New message in community 9 from user 3
2025-06-08 20:16:15 [32minfo[39m: Chat listeners setup complete
2025-06-08 20:16:15 [32minfo[39m: Setting up listener for community: 1
2025-06-08 20:16:15 [32minfo[39m: Setting up listener for community: 3
2025-06-08 20:16:15 [32minfo[39m: Setting up listener for community: 9
2025-06-08 20:16:15 [32minfo[39m: New message in community 9 from user 3
2025-06-08 20:16:15 [32minfo[39m: Chat listeners setup complete
2025-06-08 20:16:16 [32minfo[39m: No members to notify
2025-06-08 20:16:16 [32minfo[39m: No members to notify
2025-06-08 20:16:16 [32minfo[39m: No members to notify
2025-06-08 20:16:16 [32minfo[39m: No members to notify
2025-06-08 20:20:14 [32minfo[39m: Setting up chat listeners...
2025-06-08 20:20:15 [32minfo[39m: Medication notification scheduler started
2025-06-08 20:20:15 [32minfo[39m: Setting up chat listeners...
2025-06-08 20:20:15 [32minfo[39m: Setting up listener for community: 1
2025-06-08 20:20:16 [32minfo[39m: Setting up listener for community: 1
2025-06-08 20:20:16 [32minfo[39m: Setting up listener for community: 3
2025-06-08 20:20:16 [32minfo[39m: Setting up listener for community: 3
2025-06-08 20:20:16 [32minfo[39m: Setting up listener for community: 9
2025-06-08 20:20:16 [32minfo[39m: New message in community 9 from user 3
2025-06-08 20:20:16 [32minfo[39m: Setting up listener for community: 9
2025-06-08 20:20:16 [32minfo[39m: New message in community 9 from user 3
2025-06-08 20:20:16 [32minfo[39m: Setting up listener for community: 1
2025-06-08 20:20:16 [32minfo[39m: Setting up listener for community: 3
2025-06-08 20:20:16 [32minfo[39m: Setting up listener for community: 9
2025-06-08 20:20:16 [32minfo[39m: New message in community 9 from user 3
2025-06-08 20:20:16 [32minfo[39m: Chat listeners setup complete
2025-06-08 20:20:16 [32minfo[39m: Setting up listener for community: 1
2025-06-08 20:20:16 [32minfo[39m: Setting up listener for community: 3
2025-06-08 20:20:16 [32minfo[39m: Setting up listener for community: 9
2025-06-08 20:20:16 [32minfo[39m: New message in community 9 from user 3
2025-06-08 20:20:16 [32minfo[39m: Chat listeners setup complete
2025-06-08 20:20:16 [32minfo[39m: No members to notify
2025-06-08 20:20:16 [32minfo[39m: No members to notify
2025-06-08 20:20:16 [32minfo[39m: No members to notify
2025-06-08 20:20:17 [32minfo[39m: No members to notify
2025-06-08 20:20:23 [32minfo[39m: Setting up chat listeners...
2025-06-08 20:20:23 [32minfo[39m: Medication notification scheduler started
2025-06-08 20:20:23 [32minfo[39m: Setting up chat listeners...
2025-06-08 20:20:24 [32minfo[39m: Setting up listener for community: 1
2025-06-08 20:20:24 [32minfo[39m: Setting up listener for community: 1
2025-06-08 20:20:24 [32minfo[39m: Setting up listener for community: 3
2025-06-08 20:20:24 [32minfo[39m: Setting up listener for community: 3
2025-06-08 20:20:24 [32minfo[39m: Setting up listener for community: 9
2025-06-08 20:20:24 [32minfo[39m: New message in community 9 from user 3
2025-06-08 20:20:24 [32minfo[39m: Setting up listener for community: 9
2025-06-08 20:20:24 [32minfo[39m: New message in community 9 from user 3
2025-06-08 20:20:24 [32minfo[39m: Setting up listener for community: 1
2025-06-08 20:20:24 [32minfo[39m: Setting up listener for community: 3
2025-06-08 20:20:24 [32minfo[39m: Setting up listener for community: 9
2025-06-08 20:20:24 [32minfo[39m: New message in community 9 from user 3
2025-06-08 20:20:24 [32minfo[39m: Chat listeners setup complete
2025-06-08 20:20:24 [32minfo[39m: Setting up listener for community: 1
2025-06-08 20:20:24 [32minfo[39m: Setting up listener for community: 3
2025-06-08 20:20:24 [32minfo[39m: Setting up listener for community: 9
2025-06-08 20:20:24 [32minfo[39m: New message in community 9 from user 3
2025-06-08 20:20:24 [32minfo[39m: Chat listeners setup complete
2025-06-08 20:20:25 [32minfo[39m: No members to notify
2025-06-08 20:20:25 [32minfo[39m: No members to notify
2025-06-08 20:20:25 [32minfo[39m: No members to notify
2025-06-08 20:20:25 [32minfo[39m: No members to notify
2025-06-08 20:23:41 [32minfo[39m: Setting up chat listeners...
2025-06-08 20:23:42 [32minfo[39m: Medication notification scheduler started
2025-06-08 20:23:42 [32minfo[39m: Setting up chat listeners...
2025-06-08 20:23:42 [32minfo[39m: Setting up listener for community: 1
2025-06-08 20:23:42 [32minfo[39m: Setting up listener for community: 1
2025-06-08 20:23:42 [32minfo[39m: Setting up listener for community: 3
2025-06-08 20:23:42 [32minfo[39m: Setting up listener for community: 3
2025-06-08 20:23:42 [32minfo[39m: Setting up listener for community: 9
2025-06-08 20:23:42 [32minfo[39m: New message in community 9 from user 3
2025-06-08 20:23:42 [32minfo[39m: Setting up listener for community: 9
2025-06-08 20:23:42 [32minfo[39m: New message in community 9 from user 3
2025-06-08 20:23:42 [32minfo[39m: Setting up listener for community: 1
2025-06-08 20:23:42 [32minfo[39m: Setting up listener for community: 3
2025-06-08 20:23:42 [32minfo[39m: Setting up listener for community: 9
2025-06-08 20:23:42 [32minfo[39m: New message in community 9 from user 3
2025-06-08 20:23:42 [32minfo[39m: Chat listeners setup complete
2025-06-08 20:23:42 [32minfo[39m: Setting up listener for community: 1
2025-06-08 20:23:42 [32minfo[39m: Setting up listener for community: 3
2025-06-08 20:23:42 [32minfo[39m: Setting up listener for community: 9
2025-06-08 20:23:42 [32minfo[39m: New message in community 9 from user 3
2025-06-08 20:23:42 [32minfo[39m: Chat listeners setup complete
2025-06-08 20:23:43 [32minfo[39m: No members to notify
2025-06-08 20:23:43 [32minfo[39m: No members to notify
2025-06-08 20:23:43 [32minfo[39m: No members to notify
2025-06-08 20:23:43 [32minfo[39m: No members to notify
2025-06-08 20:28:09 [32minfo[39m: Setting up chat listeners...
2025-06-08 20:28:09 [32minfo[39m: Medication notification scheduler started
2025-06-08 20:28:09 [32minfo[39m: Setting up chat listeners...
2025-06-08 20:28:10 [32minfo[39m: Setting up listener for community: 1
2025-06-08 20:28:10 [32minfo[39m: Setting up listener for community: 1
2025-06-08 20:28:10 [32minfo[39m: Setting up listener for community: 3
2025-06-08 20:28:10 [32minfo[39m: Setting up listener for community: 3
2025-06-08 20:28:10 [32minfo[39m: Setting up listener for community: 9
2025-06-08 20:28:10 [32minfo[39m: New message in community 9 from user 3
2025-06-08 20:28:10 [32minfo[39m: Setting up listener for community: 9
2025-06-08 20:28:10 [32minfo[39m: New message in community 9 from user 3
2025-06-08 20:28:10 [32minfo[39m: Setting up listener for community: 1
2025-06-08 20:28:10 [32minfo[39m: Setting up listener for community: 3
2025-06-08 20:28:10 [32minfo[39m: Setting up listener for community: 9
2025-06-08 20:28:10 [32minfo[39m: New message in community 9 from user 3
2025-06-08 20:28:10 [32minfo[39m: Chat listeners setup complete
2025-06-08 20:28:10 [32minfo[39m: Setting up listener for community: 1
2025-06-08 20:28:10 [32minfo[39m: Setting up listener for community: 3
2025-06-08 20:28:10 [32minfo[39m: Setting up listener for community: 9
2025-06-08 20:28:10 [32minfo[39m: New message in community 9 from user 3
2025-06-08 20:28:10 [32minfo[39m: Chat listeners setup complete
2025-06-08 20:28:12 [32minfo[39m: No members to notify
2025-06-08 20:28:12 [32minfo[39m: No members to notify
2025-06-08 20:28:12 [32minfo[39m: No members to notify
2025-06-08 20:28:12 [32minfo[39m: No members to notify
2025-06-08 20:40:14 [32minfo[39m: Setting up chat listeners...
2025-06-08 20:40:14 [32minfo[39m: Medication notification scheduler started
2025-06-08 20:40:15 [32minfo[39m: Setting up chat listeners...
2025-06-08 20:40:20 [32minfo[39m: Setting up chat listeners...
2025-06-08 20:40:20 [32minfo[39m: Medication notification scheduler started
2025-06-08 20:40:20 [32minfo[39m: Setting up chat listeners...
2025-06-08 20:40:21 [32minfo[39m: Setting up listener for community: 1
2025-06-08 20:40:21 [32minfo[39m: Setting up listener for community: 1
2025-06-08 20:40:21 [32minfo[39m: Setting up listener for community: 3
2025-06-08 20:40:21 [32minfo[39m: Setting up listener for community: 3
2025-06-08 20:40:21 [32minfo[39m: Setting up listener for community: 9
2025-06-08 20:40:21 [32minfo[39m: New message in community 9 from user 3
2025-06-08 20:40:21 [32minfo[39m: Setting up listener for community: 9
2025-06-08 20:40:21 [32minfo[39m: New message in community 9 from user 3
2025-06-08 20:40:21 [32minfo[39m: Setting up listener for community: 1
2025-06-08 20:40:21 [32minfo[39m: Setting up listener for community: 3
2025-06-08 20:40:21 [32minfo[39m: Setting up listener for community: 9
2025-06-08 20:40:21 [32minfo[39m: New message in community 9 from user 3
2025-06-08 20:40:21 [32minfo[39m: Chat listeners setup complete
2025-06-08 20:40:21 [32minfo[39m: Setting up listener for community: 1
2025-06-08 20:40:21 [32minfo[39m: Setting up listener for community: 3
2025-06-08 20:40:21 [32minfo[39m: Setting up listener for community: 9
2025-06-08 20:40:21 [32minfo[39m: New message in community 9 from user 3
2025-06-08 20:40:21 [32minfo[39m: Chat listeners setup complete
2025-06-08 20:40:22 [32minfo[39m: No members to notify
2025-06-08 20:40:22 [32minfo[39m: No members to notify
2025-06-08 20:40:22 [32minfo[39m: No members to notify
2025-06-08 20:40:22 [32minfo[39m: No members to notify
2025-06-08 20:40:43 [32minfo[39m: Setting up chat listeners...
2025-06-08 20:40:44 [32minfo[39m: Medication notification scheduler started
2025-06-08 20:40:44 [32minfo[39m: Setting up chat listeners...
2025-06-08 20:40:44 [32minfo[39m: Setting up listener for community: 1
2025-06-08 20:40:44 [32minfo[39m: Setting up listener for community: 1
2025-06-08 20:40:44 [32minfo[39m: Setting up listener for community: 3
2025-06-08 20:40:44 [32minfo[39m: Setting up listener for community: 3
2025-06-08 20:40:44 [32minfo[39m: Setting up listener for community: 9
2025-06-08 20:40:44 [32minfo[39m: New message in community 9 from user 3
2025-06-08 20:40:44 [32minfo[39m: Setting up listener for community: 9
2025-06-08 20:40:44 [32minfo[39m: New message in community 9 from user 3
2025-06-08 20:40:44 [32minfo[39m: Setting up listener for community: 1
2025-06-08 20:40:44 [32minfo[39m: Setting up listener for community: 3
2025-06-08 20:40:44 [32minfo[39m: Setting up listener for community: 9
2025-06-08 20:40:44 [32minfo[39m: New message in community 9 from user 3
2025-06-08 20:40:44 [32minfo[39m: Chat listeners setup complete
2025-06-08 20:40:44 [32minfo[39m: Setting up listener for community: 1
2025-06-08 20:40:44 [32minfo[39m: Setting up listener for community: 3
2025-06-08 20:40:44 [32minfo[39m: Setting up listener for community: 9
2025-06-08 20:40:44 [32minfo[39m: New message in community 9 from user 3
2025-06-08 20:40:44 [32minfo[39m: Chat listeners setup complete
2025-06-08 20:40:46 [32minfo[39m: No members to notify
2025-06-08 20:40:46 [32minfo[39m: No members to notify
2025-06-08 20:40:46 [32minfo[39m: No members to notify
2025-06-08 20:40:46 [32minfo[39m: No members to notify
2025-06-08 20:42:20 [32minfo[39m: Setting up chat listeners...
2025-06-08 20:42:20 [32minfo[39m: Medication notification scheduler started
2025-06-08 20:42:20 [32minfo[39m: Setting up chat listeners...
2025-06-08 20:42:21 [32minfo[39m: Setting up listener for community: 1
2025-06-08 20:42:21 [32minfo[39m: Setting up listener for community: 1
2025-06-08 20:42:21 [32minfo[39m: Setting up listener for community: 3
2025-06-08 20:42:21 [32minfo[39m: Setting up listener for community: 3
2025-06-08 20:42:21 [32minfo[39m: Setting up listener for community: 9
2025-06-08 20:42:21 [32minfo[39m: New message in community 9 from user 3
2025-06-08 20:42:21 [32minfo[39m: Setting up listener for community: 9
2025-06-08 20:42:21 [32minfo[39m: New message in community 9 from user 3
2025-06-08 20:42:21 [32minfo[39m: Setting up listener for community: 1
2025-06-08 20:42:21 [32minfo[39m: Setting up listener for community: 3
2025-06-08 20:42:21 [32minfo[39m: Setting up listener for community: 9
2025-06-08 20:42:21 [32minfo[39m: New message in community 9 from user 3
2025-06-08 20:42:21 [32minfo[39m: Chat listeners setup complete
2025-06-08 20:42:21 [32minfo[39m: Setting up listener for community: 1
2025-06-08 20:42:21 [32minfo[39m: Setting up listener for community: 3
2025-06-08 20:42:21 [32minfo[39m: Setting up listener for community: 9
2025-06-08 20:42:21 [32minfo[39m: New message in community 9 from user 3
2025-06-08 20:42:21 [32minfo[39m: Chat listeners setup complete
2025-06-08 20:42:22 [32minfo[39m: No members to notify
2025-06-08 20:42:22 [32minfo[39m: No members to notify
2025-06-08 20:42:22 [32minfo[39m: No members to notify
2025-06-08 20:42:22 [32minfo[39m: No members to notify
2025-06-08 20:42:32 [32minfo[39m: Setting up chat listeners...
2025-06-08 20:42:32 [32minfo[39m: Medication notification scheduler started
2025-06-08 20:42:32 [32minfo[39m: Setting up chat listeners...
2025-06-08 20:42:33 [32minfo[39m: Setting up listener for community: 1
2025-06-08 20:42:33 [32minfo[39m: Setting up listener for community: 1
2025-06-08 20:42:33 [32minfo[39m: Setting up listener for community: 3
2025-06-08 20:42:33 [32minfo[39m: Setting up listener for community: 3
2025-06-08 20:42:33 [32minfo[39m: Setting up listener for community: 9
2025-06-08 20:42:33 [32minfo[39m: New message in community 9 from user 3
2025-06-08 20:42:33 [32minfo[39m: Setting up listener for community: 9
2025-06-08 20:42:33 [32minfo[39m: New message in community 9 from user 3
2025-06-08 20:42:33 [32minfo[39m: Setting up listener for community: 1
2025-06-08 20:42:33 [32minfo[39m: Setting up listener for community: 3
2025-06-08 20:42:33 [32minfo[39m: Setting up listener for community: 9
2025-06-08 20:42:33 [32minfo[39m: New message in community 9 from user 3
2025-06-08 20:42:33 [32minfo[39m: Chat listeners setup complete
2025-06-08 20:42:33 [32minfo[39m: Setting up listener for community: 1
2025-06-08 20:42:33 [32minfo[39m: Setting up listener for community: 3
2025-06-08 20:42:33 [32minfo[39m: Setting up listener for community: 9
2025-06-08 20:42:33 [32minfo[39m: New message in community 9 from user 3
2025-06-08 20:42:33 [32minfo[39m: Chat listeners setup complete
2025-06-08 20:42:36 [32minfo[39m: Setting up chat listeners...
2025-06-08 20:42:36 [32minfo[39m: Medication notification scheduler started
2025-06-08 20:42:36 [32minfo[39m: Setting up chat listeners...
2025-06-08 20:42:37 [32minfo[39m: Setting up listener for community: 1
2025-06-08 20:42:37 [32minfo[39m: Setting up listener for community: 1
2025-06-08 20:42:37 [32minfo[39m: Setting up listener for community: 3
2025-06-08 20:42:37 [32minfo[39m: Setting up listener for community: 3
2025-06-08 20:42:37 [32minfo[39m: Setting up listener for community: 9
2025-06-08 20:42:37 [32minfo[39m: New message in community 9 from user 3
2025-06-08 20:42:37 [32minfo[39m: Setting up listener for community: 9
2025-06-08 20:42:37 [32minfo[39m: New message in community 9 from user 3
2025-06-08 20:42:37 [32minfo[39m: Setting up listener for community: 1
2025-06-08 20:42:37 [32minfo[39m: Setting up listener for community: 3
2025-06-08 20:42:37 [32minfo[39m: Setting up listener for community: 9
2025-06-08 20:42:37 [32minfo[39m: New message in community 9 from user 3
2025-06-08 20:42:37 [32minfo[39m: Chat listeners setup complete
2025-06-08 20:42:37 [32minfo[39m: Setting up listener for community: 1
2025-06-08 20:42:37 [32minfo[39m: Setting up listener for community: 3
2025-06-08 20:42:37 [32minfo[39m: Setting up listener for community: 9
2025-06-08 20:42:37 [32minfo[39m: New message in community 9 from user 3
2025-06-08 20:42:37 [32minfo[39m: Chat listeners setup complete
2025-06-08 20:42:39 [32minfo[39m: Setting up chat listeners...
2025-06-08 20:42:40 [32minfo[39m: Medication notification scheduler started
2025-06-08 20:42:40 [32minfo[39m: Setting up chat listeners...
2025-06-08 20:42:40 [32minfo[39m: Setting up listener for community: 1
2025-06-08 20:42:40 [32minfo[39m: Setting up listener for community: 1
2025-06-08 20:42:40 [32minfo[39m: Setting up listener for community: 3
2025-06-08 20:42:40 [32minfo[39m: Setting up listener for community: 3
2025-06-08 20:42:40 [32minfo[39m: Setting up listener for community: 9
2025-06-08 20:42:40 [32minfo[39m: New message in community 9 from user 3
2025-06-08 20:42:40 [32minfo[39m: Setting up listener for community: 9
2025-06-08 20:42:40 [32minfo[39m: New message in community 9 from user 3
2025-06-08 20:42:40 [32minfo[39m: Setting up listener for community: 1
2025-06-08 20:42:40 [32minfo[39m: Setting up listener for community: 3
2025-06-08 20:42:40 [32minfo[39m: Setting up listener for community: 9
2025-06-08 20:42:40 [32minfo[39m: New message in community 9 from user 3
2025-06-08 20:42:40 [32minfo[39m: Chat listeners setup complete
2025-06-08 20:42:40 [32minfo[39m: Setting up listener for community: 1
2025-06-08 20:42:40 [32minfo[39m: Setting up listener for community: 3
2025-06-08 20:42:40 [32minfo[39m: Setting up listener for community: 9
2025-06-08 20:42:40 [32minfo[39m: New message in community 9 from user 3
2025-06-08 20:42:40 [32minfo[39m: Chat listeners setup complete
2025-06-08 20:42:42 [32minfo[39m: Setting up chat listeners...
2025-06-08 20:42:43 [32minfo[39m: Medication notification scheduler started
2025-06-08 20:42:43 [32minfo[39m: Setting up chat listeners...
2025-06-08 20:42:43 [32minfo[39m: Setting up listener for community: 1
2025-06-08 20:42:43 [32minfo[39m: Setting up listener for community: 1
2025-06-08 20:42:43 [32minfo[39m: Setting up listener for community: 3
2025-06-08 20:42:43 [32minfo[39m: Setting up listener for community: 3
2025-06-08 20:42:43 [32minfo[39m: Setting up listener for community: 9
2025-06-08 20:42:43 [32minfo[39m: New message in community 9 from user 3
2025-06-08 20:42:43 [32minfo[39m: Setting up listener for community: 9
2025-06-08 20:42:43 [32minfo[39m: New message in community 9 from user 3
2025-06-08 20:42:43 [32minfo[39m: Setting up listener for community: 1
2025-06-08 20:42:43 [32minfo[39m: Setting up listener for community: 3
2025-06-08 20:42:43 [32minfo[39m: Setting up listener for community: 9
2025-06-08 20:42:43 [32minfo[39m: New message in community 9 from user 3
2025-06-08 20:42:43 [32minfo[39m: Chat listeners setup complete
2025-06-08 20:42:43 [32minfo[39m: Setting up listener for community: 1
2025-06-08 20:42:43 [32minfo[39m: Setting up listener for community: 3
2025-06-08 20:42:43 [32minfo[39m: Setting up listener for community: 9
2025-06-08 20:42:43 [32minfo[39m: New message in community 9 from user 3
2025-06-08 20:42:43 [32minfo[39m: Chat listeners setup complete
2025-06-08 20:42:45 [32minfo[39m: No members to notify
2025-06-08 20:42:45 [32minfo[39m: No members to notify
2025-06-08 20:42:45 [32minfo[39m: No members to notify
2025-06-08 20:42:45 [32minfo[39m: No members to notify
2025-06-08 20:47:55 [32minfo[39m: Setting up chat listeners...
2025-06-08 20:47:56 [32minfo[39m: Medication notification scheduler started
2025-06-08 20:47:56 [32minfo[39m: Setting up chat listeners...
2025-06-08 20:48:11 [32minfo[39m: Setting up listener for community: 1
2025-06-08 20:48:11 [32minfo[39m: Setting up listener for community: 1
2025-06-08 20:48:11 [32minfo[39m: Setting up listener for community: 3
2025-06-08 20:48:11 [32minfo[39m: Setting up listener for community: 3
2025-06-08 20:48:11 [32minfo[39m: Setting up listener for community: 9
2025-06-08 20:48:11 [32minfo[39m: New message in community 9 from user 3
2025-06-08 20:48:11 [32minfo[39m: Setting up listener for community: 9
2025-06-08 20:48:11 [32minfo[39m: New message in community 9 from user 3
2025-06-08 20:48:11 [32minfo[39m: Setting up listener for community: 1
2025-06-08 20:48:11 [32minfo[39m: Setting up listener for community: 3
2025-06-08 20:48:11 [32minfo[39m: Setting up listener for community: 9
2025-06-08 20:48:11 [32minfo[39m: New message in community 9 from user 3
2025-06-08 20:48:11 [32minfo[39m: Chat listeners setup complete
2025-06-08 20:48:11 [32minfo[39m: Setting up listener for community: 1
2025-06-08 20:48:11 [32minfo[39m: Setting up listener for community: 3
2025-06-08 20:48:11 [32minfo[39m: Setting up listener for community: 9
2025-06-08 20:48:11 [32minfo[39m: New message in community 9 from user 3
2025-06-08 20:48:11 [32minfo[39m: Chat listeners setup complete
2025-06-08 20:48:14 [32minfo[39m: No members to notify
2025-06-08 20:48:14 [32minfo[39m: No members to notify
2025-06-08 20:48:14 [32minfo[39m: No members to notify
2025-06-08 20:48:14 [32minfo[39m: No members to notify
2025-06-08 20:48:29 [32minfo[39m: Setting up chat listeners...
2025-06-08 20:48:30 [32minfo[39m: Medication notification scheduler started
2025-06-08 20:48:30 [32minfo[39m: Setting up chat listeners...
2025-06-08 20:48:30 [32minfo[39m: Setting up listener for community: 1
2025-06-08 20:48:30 [32minfo[39m: Setting up listener for community: 1
2025-06-08 20:48:30 [32minfo[39m: Setting up listener for community: 3
2025-06-08 20:48:30 [32minfo[39m: Setting up listener for community: 3
2025-06-08 20:48:30 [32minfo[39m: Setting up listener for community: 9
2025-06-08 20:48:30 [32minfo[39m: New message in community 9 from user 3
2025-06-08 20:48:30 [32minfo[39m: Setting up listener for community: 9
2025-06-08 20:48:30 [32minfo[39m: New message in community 9 from user 3
2025-06-08 20:48:30 [32minfo[39m: Setting up listener for community: 1
2025-06-08 20:48:30 [32minfo[39m: Setting up listener for community: 3
2025-06-08 20:48:30 [32minfo[39m: Setting up listener for community: 9
2025-06-08 20:48:30 [32minfo[39m: New message in community 9 from user 3
2025-06-08 20:48:30 [32minfo[39m: Chat listeners setup complete
2025-06-08 20:48:30 [32minfo[39m: Setting up listener for community: 1
2025-06-08 20:48:30 [32minfo[39m: Setting up listener for community: 3
2025-06-08 20:48:30 [32minfo[39m: Setting up listener for community: 9
2025-06-08 20:48:30 [32minfo[39m: New message in community 9 from user 3
2025-06-08 20:48:30 [32minfo[39m: Chat listeners setup complete
2025-06-08 20:48:32 [32minfo[39m: No members to notify
2025-06-08 20:48:32 [32minfo[39m: No members to notify
2025-06-08 20:48:32 [32minfo[39m: No members to notify
2025-06-08 20:48:32 [32minfo[39m: No members to notify
2025-06-08 20:52:36 [32minfo[39m: Setting up chat listeners...
2025-06-08 20:52:36 [32minfo[39m: Medication notification scheduler started
2025-06-08 20:52:36 [32minfo[39m: Setting up chat listeners...
2025-06-08 20:52:37 [32minfo[39m: Setting up listener for community: 1
2025-06-08 20:52:37 [32minfo[39m: Setting up listener for community: 1
2025-06-08 20:52:37 [32minfo[39m: Setting up listener for community: 3
2025-06-08 20:52:37 [32minfo[39m: Setting up listener for community: 3
2025-06-08 20:52:37 [32minfo[39m: Setting up listener for community: 9
2025-06-08 20:52:37 [32minfo[39m: New message in community 9 from user 3
2025-06-08 20:52:37 [32minfo[39m: Setting up listener for community: 9
2025-06-08 20:52:37 [32minfo[39m: New message in community 9 from user 3
2025-06-08 20:52:37 [32minfo[39m: Setting up listener for community: 1
2025-06-08 20:52:37 [32minfo[39m: Setting up listener for community: 3
2025-06-08 20:52:37 [32minfo[39m: Setting up listener for community: 9
2025-06-08 20:52:37 [32minfo[39m: New message in community 9 from user 3
2025-06-08 20:52:37 [32minfo[39m: Chat listeners setup complete
2025-06-08 20:52:37 [32minfo[39m: Setting up listener for community: 1
2025-06-08 20:52:37 [32minfo[39m: Setting up listener for community: 3
2025-06-08 20:52:37 [32minfo[39m: Setting up listener for community: 9
2025-06-08 20:52:37 [32minfo[39m: New message in community 9 from user 3
2025-06-08 20:52:37 [32minfo[39m: Chat listeners setup complete
2025-06-08 20:52:38 [32minfo[39m: No members to notify
2025-06-08 20:52:38 [32minfo[39m: No members to notify
2025-06-08 20:52:38 [32minfo[39m: No members to notify
2025-06-08 20:52:38 [32minfo[39m: No members to notify
2025-06-08 20:53:29 [32minfo[39m: Setting up chat listeners...
2025-06-08 20:53:30 [32minfo[39m: Medication notification scheduler started
2025-06-08 20:53:30 [32minfo[39m: Setting up chat listeners...
2025-06-08 20:53:34 [32minfo[39m: Setting up chat listeners...
2025-06-08 20:53:34 [32minfo[39m: Medication notification scheduler started
2025-06-08 20:53:34 [32minfo[39m: Setting up chat listeners...
2025-06-08 20:53:35 [32minfo[39m: Setting up listener for community: 1
2025-06-08 20:53:35 [32minfo[39m: Setting up listener for community: 1
2025-06-08 20:53:35 [32minfo[39m: Setting up listener for community: 3
2025-06-08 20:53:35 [32minfo[39m: Setting up listener for community: 3
2025-06-08 20:53:35 [32minfo[39m: Setting up listener for community: 9
2025-06-08 20:53:35 [32minfo[39m: New message in community 9 from user 3
2025-06-08 20:53:35 [32minfo[39m: Setting up listener for community: 9
2025-06-08 20:53:35 [32minfo[39m: New message in community 9 from user 3
2025-06-08 20:53:35 [32minfo[39m: Setting up listener for community: 1
2025-06-08 20:53:35 [32minfo[39m: Setting up listener for community: 3
2025-06-08 20:53:35 [32minfo[39m: Setting up listener for community: 9
2025-06-08 20:53:35 [32minfo[39m: New message in community 9 from user 3
2025-06-08 20:53:35 [32minfo[39m: Chat listeners setup complete
2025-06-08 20:53:35 [32minfo[39m: Setting up listener for community: 1
2025-06-08 20:53:35 [32minfo[39m: Setting up listener for community: 3
2025-06-08 20:53:35 [32minfo[39m: Setting up listener for community: 9
2025-06-08 20:53:35 [32minfo[39m: New message in community 9 from user 3
2025-06-08 20:53:35 [32minfo[39m: Chat listeners setup complete
2025-06-08 20:53:36 [32minfo[39m: No members to notify
2025-06-08 20:53:36 [32minfo[39m: No members to notify
2025-06-08 20:53:36 [32minfo[39m: No members to notify
2025-06-08 20:53:36 [32minfo[39m: No members to notify
2025-06-08 20:53:41 [32minfo[39m: Setting up chat listeners...
2025-06-08 20:53:42 [32minfo[39m: Medication notification scheduler started
2025-06-08 20:53:42 [32minfo[39m: Setting up chat listeners...
2025-06-08 20:53:42 [32minfo[39m: Setting up listener for community: 1
2025-06-08 20:53:42 [32minfo[39m: Setting up listener for community: 1
2025-06-08 20:53:42 [32minfo[39m: Setting up listener for community: 3
2025-06-08 20:53:42 [32minfo[39m: Setting up listener for community: 3
2025-06-08 20:53:42 [32minfo[39m: Setting up listener for community: 9
2025-06-08 20:53:42 [32minfo[39m: New message in community 9 from user 3
2025-06-08 20:53:42 [32minfo[39m: Setting up listener for community: 9
2025-06-08 20:53:42 [32minfo[39m: New message in community 9 from user 3
2025-06-08 20:53:42 [32minfo[39m: Setting up listener for community: 1
2025-06-08 20:53:42 [32minfo[39m: Setting up listener for community: 3
2025-06-08 20:53:42 [32minfo[39m: Setting up listener for community: 9
2025-06-08 20:53:42 [32minfo[39m: New message in community 9 from user 3
2025-06-08 20:53:42 [32minfo[39m: Chat listeners setup complete
2025-06-08 20:53:42 [32minfo[39m: Setting up listener for community: 1
2025-06-08 20:53:42 [32minfo[39m: Setting up listener for community: 3
2025-06-08 20:53:42 [32minfo[39m: Setting up listener for community: 9
2025-06-08 20:53:42 [32minfo[39m: New message in community 9 from user 3
2025-06-08 20:53:42 [32minfo[39m: Chat listeners setup complete
2025-06-08 20:53:44 [32minfo[39m: No members to notify
2025-06-08 20:53:44 [32minfo[39m: No members to notify
2025-06-08 20:53:44 [32minfo[39m: No members to notify
2025-06-08 20:53:44 [32minfo[39m: No members to notify
2025-06-08 20:53:46 [32minfo[39m: Setting up chat listeners...
2025-06-08 20:53:47 [32minfo[39m: Medication notification scheduler started
2025-06-08 20:53:47 [32minfo[39m: Setting up chat listeners...
2025-06-08 20:53:47 [32minfo[39m: Setting up listener for community: 1
2025-06-08 20:53:47 [32minfo[39m: Setting up listener for community: 1
2025-06-08 20:53:47 [32minfo[39m: Setting up listener for community: 3
2025-06-08 20:53:47 [32minfo[39m: Setting up listener for community: 3
2025-06-08 20:53:47 [32minfo[39m: Setting up listener for community: 9
2025-06-08 20:53:47 [32minfo[39m: New message in community 9 from user 3
2025-06-08 20:53:47 [32minfo[39m: Setting up listener for community: 9
2025-06-08 20:53:47 [32minfo[39m: New message in community 9 from user 3
2025-06-08 20:53:47 [32minfo[39m: Setting up listener for community: 1
2025-06-08 20:53:47 [32minfo[39m: Setting up listener for community: 3
2025-06-08 20:53:47 [32minfo[39m: Setting up listener for community: 9
2025-06-08 20:53:47 [32minfo[39m: New message in community 9 from user 3
2025-06-08 20:53:47 [32minfo[39m: Chat listeners setup complete
2025-06-08 20:53:47 [32minfo[39m: Setting up listener for community: 1
2025-06-08 20:53:47 [32minfo[39m: Setting up listener for community: 3
2025-06-08 20:53:47 [32minfo[39m: Setting up listener for community: 9
2025-06-08 20:53:47 [32minfo[39m: New message in community 9 from user 3
2025-06-08 20:53:47 [32minfo[39m: Chat listeners setup complete
2025-06-08 20:53:49 [32minfo[39m: No members to notify
2025-06-08 20:53:49 [32minfo[39m: No members to notify
2025-06-08 20:53:49 [32minfo[39m: No members to notify
2025-06-08 20:53:49 [32minfo[39m: No members to notify
2025-06-08 20:53:51 [32minfo[39m: Setting up chat listeners...
2025-06-08 20:53:51 [32minfo[39m: Medication notification scheduler started
2025-06-08 20:53:51 [32minfo[39m: Setting up chat listeners...
2025-06-08 20:53:52 [32minfo[39m: Setting up listener for community: 1
2025-06-08 20:53:52 [32minfo[39m: Setting up listener for community: 1
2025-06-08 20:53:52 [32minfo[39m: Setting up listener for community: 3
2025-06-08 20:53:52 [32minfo[39m: Setting up listener for community: 3
2025-06-08 20:53:52 [32minfo[39m: Setting up listener for community: 9
2025-06-08 20:53:52 [32minfo[39m: New message in community 9 from user 3
2025-06-08 20:53:52 [32minfo[39m: Setting up listener for community: 9
2025-06-08 20:53:52 [32minfo[39m: New message in community 9 from user 3
2025-06-08 20:53:52 [32minfo[39m: Setting up listener for community: 1
2025-06-08 20:53:52 [32minfo[39m: Setting up listener for community: 3
2025-06-08 20:53:52 [32minfo[39m: Setting up listener for community: 9
2025-06-08 20:53:52 [32minfo[39m: New message in community 9 from user 3
2025-06-08 20:53:52 [32minfo[39m: Chat listeners setup complete
2025-06-08 20:53:52 [32minfo[39m: Setting up listener for community: 1
2025-06-08 20:53:52 [32minfo[39m: Setting up listener for community: 3
2025-06-08 20:53:52 [32minfo[39m: Setting up listener for community: 9
2025-06-08 20:53:52 [32minfo[39m: New message in community 9 from user 3
2025-06-08 20:53:52 [32minfo[39m: Chat listeners setup complete
2025-06-08 20:53:53 [32minfo[39m: No members to notify
2025-06-08 20:53:53 [32minfo[39m: No members to notify
2025-06-08 20:53:53 [32minfo[39m: No members to notify
2025-06-08 20:53:53 [32minfo[39m: No members to notify
2025-06-08 20:54:18 [32minfo[39m: Setting up chat listeners...
2025-06-08 20:54:18 [32minfo[39m: Medication notification scheduler started
2025-06-08 20:54:18 [32minfo[39m: Setting up chat listeners...
2025-06-08 20:54:19 [32minfo[39m: Setting up listener for community: 1
2025-06-08 20:54:19 [32minfo[39m: Setting up listener for community: 1
2025-06-08 20:54:19 [32minfo[39m: Setting up listener for community: 3
2025-06-08 20:54:19 [32minfo[39m: Setting up listener for community: 3
2025-06-08 20:54:19 [32minfo[39m: Setting up listener for community: 9
2025-06-08 20:54:19 [32minfo[39m: New message in community 9 from user 3
2025-06-08 20:54:19 [32minfo[39m: Setting up listener for community: 9
2025-06-08 20:54:19 [32minfo[39m: New message in community 9 from user 3
2025-06-08 20:54:19 [32minfo[39m: Setting up listener for community: 1
2025-06-08 20:54:19 [32minfo[39m: Setting up listener for community: 3
2025-06-08 20:54:19 [32minfo[39m: Setting up listener for community: 9
2025-06-08 20:54:19 [32minfo[39m: New message in community 9 from user 3
2025-06-08 20:54:19 [32minfo[39m: Chat listeners setup complete
2025-06-08 20:54:19 [32minfo[39m: Setting up listener for community: 1
2025-06-08 20:54:19 [32minfo[39m: Setting up listener for community: 3
2025-06-08 20:54:19 [32minfo[39m: Setting up listener for community: 9
2025-06-08 20:54:19 [32minfo[39m: New message in community 9 from user 3
2025-06-08 20:54:19 [32minfo[39m: Chat listeners setup complete
2025-06-08 20:54:20 [32minfo[39m: No members to notify
2025-06-08 20:54:20 [32minfo[39m: No members to notify
2025-06-08 20:54:20 [32minfo[39m: No members to notify
2025-06-08 20:54:20 [32minfo[39m: No members to notify
2025-06-08 20:55:53 [32minfo[39m: Setting up chat listeners...
2025-06-08 20:55:53 [32minfo[39m: Medication notification scheduler started
2025-06-08 20:55:53 [32minfo[39m: Setting up chat listeners...
2025-06-08 20:55:54 [32minfo[39m: Setting up listener for community: 1
2025-06-08 20:55:54 [32minfo[39m: Setting up listener for community: 1
2025-06-08 20:55:54 [32minfo[39m: Setting up listener for community: 3
2025-06-08 20:55:54 [32minfo[39m: Setting up listener for community: 3
2025-06-08 20:55:54 [32minfo[39m: Setting up listener for community: 9
2025-06-08 20:55:54 [32minfo[39m: New message in community 9 from user 3
2025-06-08 20:55:54 [32minfo[39m: Setting up listener for community: 9
2025-06-08 20:55:54 [32minfo[39m: New message in community 9 from user 3
2025-06-08 20:55:54 [32minfo[39m: Setting up listener for community: 1
2025-06-08 20:55:54 [32minfo[39m: Setting up listener for community: 3
2025-06-08 20:55:54 [32minfo[39m: Setting up listener for community: 9
2025-06-08 20:55:54 [32minfo[39m: New message in community 9 from user 3
2025-06-08 20:55:54 [32minfo[39m: Chat listeners setup complete
2025-06-08 20:55:54 [32minfo[39m: Setting up listener for community: 1
2025-06-08 20:55:54 [32minfo[39m: Setting up listener for community: 3
2025-06-08 20:55:54 [32minfo[39m: Setting up listener for community: 9
2025-06-08 20:55:54 [32minfo[39m: New message in community 9 from user 3
2025-06-08 20:55:54 [32minfo[39m: Chat listeners setup complete
2025-06-08 20:55:55 [32minfo[39m: No members to notify
2025-06-08 20:55:55 [32minfo[39m: No members to notify
2025-06-08 20:55:58 [32minfo[39m: Setting up chat listeners...
2025-06-08 20:55:58 [32minfo[39m: Medication notification scheduler started
2025-06-08 20:55:58 [32minfo[39m: Setting up chat listeners...
2025-06-08 20:55:59 [32minfo[39m: Setting up listener for community: 1
2025-06-08 20:55:59 [32minfo[39m: Setting up listener for community: 1
2025-06-08 20:55:59 [32minfo[39m: Setting up listener for community: 3
2025-06-08 20:55:59 [32minfo[39m: Setting up listener for community: 3
2025-06-08 20:55:59 [32minfo[39m: Setting up listener for community: 9
2025-06-08 20:55:59 [32minfo[39m: New message in community 9 from user 3
2025-06-08 20:55:59 [32minfo[39m: Setting up listener for community: 9
2025-06-08 20:55:59 [32minfo[39m: New message in community 9 from user 3
2025-06-08 20:55:59 [32minfo[39m: Setting up listener for community: 1
2025-06-08 20:55:59 [32minfo[39m: Setting up listener for community: 3
2025-06-08 20:55:59 [32minfo[39m: Setting up listener for community: 9
2025-06-08 20:55:59 [32minfo[39m: New message in community 9 from user 3
2025-06-08 20:55:59 [32minfo[39m: Chat listeners setup complete
2025-06-08 20:55:59 [32minfo[39m: Setting up listener for community: 1
2025-06-08 20:55:59 [32minfo[39m: Setting up listener for community: 3
2025-06-08 20:55:59 [32minfo[39m: Setting up listener for community: 9
2025-06-08 20:55:59 [32minfo[39m: New message in community 9 from user 3
2025-06-08 20:55:59 [32minfo[39m: Chat listeners setup complete
2025-06-08 20:56:00 [32minfo[39m: No members to notify
2025-06-08 20:56:00 [32minfo[39m: No members to notify
2025-06-08 20:56:00 [32minfo[39m: No members to notify
2025-06-08 20:56:00 [32minfo[39m: No members to notify
