2025-06-09 12:20:11 [32minfo[39m: Setting up chat listeners...
2025-06-09 12:20:12 [32minfo[39m: Medication notification scheduler started
2025-06-09 12:20:12 [32minfo[39m: Setting up chat listeners...
2025-06-09 12:20:15 [32minfo[39m: Setting up listener for community: 1
2025-06-09 12:20:15 [32minfo[39m: Setting up listener for community: 1
2025-06-09 12:20:15 [32minfo[39m: Setting up listener for community: 3
2025-06-09 12:20:15 [32minfo[39m: Setting up listener for community: 3
2025-06-09 12:20:15 [32minfo[39m: Setting up listener for community: 4
2025-06-09 12:20:15 [32minfo[39m: Setting up listener for community: 4
2025-06-09 12:20:15 [32minfo[39m: Setting up listener for community: 9
2025-06-09 12:20:15 [32minfo[39m: Setting up listener for community: 9
2025-06-09 12:20:15 [32minfo[39m: Setting up listener for community: 1
2025-06-09 12:20:15 [32minfo[39m: Setting up listener for community: 3
2025-06-09 12:20:15 [32minfo[39m: Setting up listener for community: 4
2025-06-09 12:20:15 [32minfo[39m: Setting up listener for community: 9
2025-06-09 12:20:15 [32minfo[39m: Chat listeners setup complete
2025-06-09 12:20:15 [32minfo[39m: Setting up listener for community: 1
2025-06-09 12:20:15 [32minfo[39m: Setting up listener for community: 3
2025-06-09 12:20:15 [32minfo[39m: Setting up listener for community: 4
2025-06-09 12:20:15 [32minfo[39m: Setting up listener for community: 9
2025-06-09 12:20:15 [32minfo[39m: Chat listeners setup complete
2025-06-09 12:23:05 [32minfo[39m: Setting up chat listeners...
2025-06-09 12:23:05 [32minfo[39m: Medication notification scheduler started
2025-06-09 12:23:05 [32minfo[39m: Setting up chat listeners...
2025-06-09 12:23:06 [32minfo[39m: Setting up listener for community: 1
2025-06-09 12:23:06 [32minfo[39m: Setting up listener for community: 1
2025-06-09 12:23:06 [32minfo[39m: Setting up listener for community: 3
2025-06-09 12:23:06 [32minfo[39m: Setting up listener for community: 3
2025-06-09 12:23:06 [32minfo[39m: Setting up listener for community: 4
2025-06-09 12:23:06 [32minfo[39m: Setting up listener for community: 4
2025-06-09 12:23:06 [32minfo[39m: Setting up listener for community: 9
2025-06-09 12:23:06 [32minfo[39m: Setting up listener for community: 9
2025-06-09 12:23:06 [32minfo[39m: Setting up listener for community: 1
2025-06-09 12:23:06 [32minfo[39m: Setting up listener for community: 3
2025-06-09 12:23:06 [32minfo[39m: Setting up listener for community: 4
2025-06-09 12:23:06 [32minfo[39m: Setting up listener for community: 9
2025-06-09 12:23:06 [32minfo[39m: Chat listeners setup complete
2025-06-09 12:23:06 [32minfo[39m: Setting up listener for community: 1
2025-06-09 12:23:06 [32minfo[39m: Setting up listener for community: 3
2025-06-09 12:23:06 [32minfo[39m: Setting up listener for community: 4
2025-06-09 12:23:06 [32minfo[39m: Setting up listener for community: 9
2025-06-09 12:23:06 [32minfo[39m: Chat listeners setup complete
2025-06-09 12:26:16 [32minfo[39m: Setting up chat listeners...
2025-06-09 12:26:17 [32minfo[39m: Medication notification scheduler started
2025-06-09 12:26:17 [32minfo[39m: Setting up chat listeners...
2025-06-09 12:26:19 [32minfo[39m: Setting up listener for community: 1
2025-06-09 12:26:19 [32minfo[39m: Setting up listener for community: 1
2025-06-09 12:26:19 [32minfo[39m: Setting up listener for community: 3
2025-06-09 12:26:19 [32minfo[39m: Setting up listener for community: 3
2025-06-09 12:26:19 [32minfo[39m: Setting up listener for community: 4
2025-06-09 12:26:19 [32minfo[39m: Setting up listener for community: 4
2025-06-09 12:26:19 [32minfo[39m: Setting up listener for community: 9
2025-06-09 12:26:19 [32minfo[39m: Setting up listener for community: 9
2025-06-09 12:26:19 [32minfo[39m: Setting up listener for community: 1
2025-06-09 12:26:19 [32minfo[39m: Setting up listener for community: 3
2025-06-09 12:26:19 [32minfo[39m: Setting up listener for community: 4
2025-06-09 12:26:19 [32minfo[39m: Setting up listener for community: 9
2025-06-09 12:26:19 [32minfo[39m: Chat listeners setup complete
2025-06-09 12:26:19 [32minfo[39m: Setting up listener for community: 1
2025-06-09 12:26:19 [32minfo[39m: Setting up listener for community: 3
2025-06-09 12:26:19 [32minfo[39m: Setting up listener for community: 4
2025-06-09 12:26:19 [32minfo[39m: Setting up listener for community: 9
2025-06-09 12:26:19 [32minfo[39m: Chat listeners setup complete
2025-06-09 12:27:16 [32minfo[39m: Setting up chat listeners...
2025-06-09 12:27:17 [32minfo[39m: Medication notification scheduler started
2025-06-09 12:27:17 [32minfo[39m: Setting up chat listeners...
2025-06-09 12:27:18 [32minfo[39m: Setting up listener for community: 1
2025-06-09 12:27:18 [32minfo[39m: Setting up listener for community: 1
2025-06-09 12:27:18 [32minfo[39m: Setting up listener for community: 3
2025-06-09 12:27:18 [32minfo[39m: Setting up listener for community: 3
2025-06-09 12:27:18 [32minfo[39m: Setting up listener for community: 4
2025-06-09 12:27:18 [32minfo[39m: Setting up listener for community: 4
2025-06-09 12:27:18 [32minfo[39m: Setting up listener for community: 9
2025-06-09 12:27:18 [32minfo[39m: Setting up listener for community: 9
2025-06-09 12:27:18 [32minfo[39m: Setting up listener for community: 1
2025-06-09 12:27:18 [32minfo[39m: Setting up listener for community: 3
2025-06-09 12:27:18 [32minfo[39m: Setting up listener for community: 4
2025-06-09 12:27:18 [32minfo[39m: Setting up listener for community: 9
2025-06-09 12:27:18 [32minfo[39m: Chat listeners setup complete
2025-06-09 12:27:18 [32minfo[39m: Setting up listener for community: 1
2025-06-09 12:27:18 [32minfo[39m: Setting up listener for community: 3
2025-06-09 12:27:18 [32minfo[39m: Setting up listener for community: 4
2025-06-09 12:27:18 [32minfo[39m: Setting up listener for community: 9
2025-06-09 12:27:18 [32minfo[39m: Chat listeners setup complete
2025-06-09 12:27:48 [32minfo[39m: Setting up chat listeners...
2025-06-09 12:27:49 [32minfo[39m: Medication notification scheduler started
2025-06-09 12:27:49 [32minfo[39m: Setting up chat listeners...
2025-06-09 12:27:50 [32minfo[39m: Setting up listener for community: 1
2025-06-09 12:27:50 [32minfo[39m: Setting up listener for community: 1
2025-06-09 12:27:50 [32minfo[39m: Setting up listener for community: 3
2025-06-09 12:27:50 [32minfo[39m: Setting up listener for community: 3
2025-06-09 12:27:50 [32minfo[39m: Setting up listener for community: 4
2025-06-09 12:27:50 [32minfo[39m: Setting up listener for community: 4
2025-06-09 12:27:50 [32minfo[39m: Setting up listener for community: 9
2025-06-09 12:27:50 [32minfo[39m: Setting up listener for community: 9
2025-06-09 12:27:50 [32minfo[39m: Setting up listener for community: 1
2025-06-09 12:27:50 [32minfo[39m: Setting up listener for community: 3
2025-06-09 12:27:50 [32minfo[39m: Setting up listener for community: 4
2025-06-09 12:27:50 [32minfo[39m: Setting up listener for community: 9
2025-06-09 12:27:50 [32minfo[39m: Chat listeners setup complete
2025-06-09 12:27:50 [32minfo[39m: Setting up listener for community: 1
2025-06-09 12:27:50 [32minfo[39m: Setting up listener for community: 3
2025-06-09 12:27:50 [32minfo[39m: Setting up listener for community: 4
2025-06-09 12:27:50 [32minfo[39m: Setting up listener for community: 9
2025-06-09 12:27:50 [32minfo[39m: Chat listeners setup complete
2025-06-09 12:31:17 [32minfo[39m: Setting up chat listeners...
2025-06-09 12:31:17 [32minfo[39m: Medication notification scheduler started
2025-06-09 12:31:17 [32minfo[39m: Setting up chat listeners...
2025-06-09 12:31:18 [32minfo[39m: Setting up listener for community: 1
2025-06-09 12:31:18 [32minfo[39m: Setting up listener for community: 1
2025-06-09 12:31:18 [32minfo[39m: Setting up listener for community: 3
2025-06-09 12:31:18 [32minfo[39m: Setting up listener for community: 3
2025-06-09 12:31:18 [32minfo[39m: Setting up listener for community: 4
2025-06-09 12:31:18 [32minfo[39m: Setting up listener for community: 4
2025-06-09 12:31:18 [32minfo[39m: Setting up listener for community: 9
2025-06-09 12:31:18 [32minfo[39m: Setting up listener for community: 9
2025-06-09 12:31:18 [32minfo[39m: Setting up listener for community: 1
2025-06-09 12:31:18 [32minfo[39m: Setting up listener for community: 3
2025-06-09 12:31:18 [32minfo[39m: Setting up listener for community: 4
2025-06-09 12:31:18 [32minfo[39m: Setting up listener for community: 9
2025-06-09 12:31:18 [32minfo[39m: Chat listeners setup complete
2025-06-09 12:31:18 [32minfo[39m: Setting up listener for community: 1
2025-06-09 12:31:18 [32minfo[39m: Setting up listener for community: 3
2025-06-09 12:31:18 [32minfo[39m: Setting up listener for community: 4
2025-06-09 12:31:18 [32minfo[39m: Setting up listener for community: 9
2025-06-09 12:31:18 [32minfo[39m: Chat listeners setup complete
2025-06-09 12:31:59 [32minfo[39m: Setting up chat listeners...
2025-06-09 12:31:59 [32minfo[39m: Medication notification scheduler started
2025-06-09 12:31:59 [32minfo[39m: Setting up chat listeners...
2025-06-09 12:32:00 [32minfo[39m: Setting up listener for community: 1
2025-06-09 12:32:00 [32minfo[39m: Setting up listener for community: 1
2025-06-09 12:32:00 [32minfo[39m: Setting up listener for community: 3
2025-06-09 12:32:00 [32minfo[39m: Setting up listener for community: 3
2025-06-09 12:32:00 [32minfo[39m: Setting up listener for community: 4
2025-06-09 12:32:00 [32minfo[39m: Setting up listener for community: 4
2025-06-09 12:32:00 [32minfo[39m: Setting up listener for community: 9
2025-06-09 12:32:00 [32minfo[39m: Setting up listener for community: 9
2025-06-09 12:32:00 [32minfo[39m: Setting up listener for community: 1
2025-06-09 12:32:00 [32minfo[39m: Setting up listener for community: 3
2025-06-09 12:32:00 [32minfo[39m: Setting up listener for community: 4
2025-06-09 12:32:00 [32minfo[39m: Setting up listener for community: 9
2025-06-09 12:32:00 [32minfo[39m: Chat listeners setup complete
2025-06-09 12:32:00 [32minfo[39m: Setting up listener for community: 1
2025-06-09 12:32:00 [32minfo[39m: Setting up listener for community: 3
2025-06-09 12:32:00 [32minfo[39m: Setting up listener for community: 4
2025-06-09 12:32:00 [32minfo[39m: Setting up listener for community: 9
2025-06-09 12:32:00 [32minfo[39m: Chat listeners setup complete
2025-06-09 12:32:25 [32minfo[39m: Setting up chat listeners...
2025-06-09 12:32:25 [32minfo[39m: Medication notification scheduler started
2025-06-09 12:32:25 [32minfo[39m: Setting up chat listeners...
2025-06-09 12:32:26 [32minfo[39m: Setting up listener for community: 1
2025-06-09 12:32:26 [32minfo[39m: Setting up listener for community: 1
2025-06-09 12:32:26 [32minfo[39m: Setting up listener for community: 3
2025-06-09 12:32:26 [32minfo[39m: Setting up listener for community: 3
2025-06-09 12:32:26 [32minfo[39m: Setting up listener for community: 4
2025-06-09 12:32:26 [32minfo[39m: Setting up listener for community: 4
2025-06-09 12:32:26 [32minfo[39m: Setting up listener for community: 9
2025-06-09 12:32:26 [32minfo[39m: Setting up listener for community: 9
2025-06-09 12:32:26 [32minfo[39m: Setting up listener for community: 1
2025-06-09 12:32:26 [32minfo[39m: Setting up listener for community: 3
2025-06-09 12:32:26 [32minfo[39m: Setting up listener for community: 4
2025-06-09 12:32:26 [32minfo[39m: Setting up listener for community: 9
2025-06-09 12:32:26 [32minfo[39m: Chat listeners setup complete
2025-06-09 12:32:26 [32minfo[39m: Setting up listener for community: 1
2025-06-09 12:32:26 [32minfo[39m: Setting up listener for community: 3
2025-06-09 12:32:26 [32minfo[39m: Setting up listener for community: 4
2025-06-09 12:32:26 [32minfo[39m: Setting up listener for community: 9
2025-06-09 12:32:26 [32minfo[39m: Chat listeners setup complete
2025-06-09 12:32:38 [32minfo[39m: Setting up chat listeners...
2025-06-09 12:32:39 [32minfo[39m: Medication notification scheduler started
2025-06-09 12:32:39 [32minfo[39m: Setting up chat listeners...
2025-06-09 12:32:39 [32minfo[39m: Setting up listener for community: 1
2025-06-09 12:32:39 [32minfo[39m: Setting up listener for community: 1
2025-06-09 12:32:39 [32minfo[39m: Setting up listener for community: 3
2025-06-09 12:32:39 [32minfo[39m: Setting up listener for community: 3
2025-06-09 12:32:39 [32minfo[39m: Setting up listener for community: 4
2025-06-09 12:32:39 [32minfo[39m: Setting up listener for community: 4
2025-06-09 12:32:39 [32minfo[39m: Setting up listener for community: 9
2025-06-09 12:32:39 [32minfo[39m: Setting up listener for community: 9
2025-06-09 12:32:39 [32minfo[39m: Setting up listener for community: 1
2025-06-09 12:32:39 [32minfo[39m: Setting up listener for community: 3
2025-06-09 12:32:39 [32minfo[39m: Setting up listener for community: 4
2025-06-09 12:32:39 [32minfo[39m: Setting up listener for community: 9
2025-06-09 12:32:39 [32minfo[39m: Chat listeners setup complete
2025-06-09 12:32:39 [32minfo[39m: Setting up listener for community: 1
2025-06-09 12:32:39 [32minfo[39m: Setting up listener for community: 3
2025-06-09 12:32:39 [32minfo[39m: Setting up listener for community: 4
2025-06-09 12:32:39 [32minfo[39m: Setting up listener for community: 9
2025-06-09 12:32:39 [32minfo[39m: Chat listeners setup complete
2025-06-09 12:33:10 [32minfo[39m: Setting up chat listeners...
2025-06-09 12:33:11 [32minfo[39m: Medication notification scheduler started
2025-06-09 12:33:11 [32minfo[39m: Setting up chat listeners...
2025-06-09 12:33:14 [32minfo[39m: Setting up chat listeners...
2025-06-09 12:33:14 [32minfo[39m: Medication notification scheduler started
2025-06-09 12:33:14 [32minfo[39m: Setting up chat listeners...
2025-06-09 12:33:17 [32minfo[39m: Setting up chat listeners...
2025-06-09 12:33:17 [32minfo[39m: Medication notification scheduler started
2025-06-09 12:33:17 [32minfo[39m: Setting up chat listeners...
2025-06-09 12:33:19 [32minfo[39m: Setting up listener for community: 1
2025-06-09 12:33:19 [32minfo[39m: Setting up listener for community: 1
2025-06-09 12:33:19 [32minfo[39m: Setting up listener for community: 3
2025-06-09 12:33:19 [32minfo[39m: Setting up listener for community: 3
2025-06-09 12:33:19 [32minfo[39m: Setting up listener for community: 4
2025-06-09 12:33:19 [32minfo[39m: Setting up listener for community: 4
2025-06-09 12:33:19 [32minfo[39m: Setting up listener for community: 9
2025-06-09 12:33:19 [32minfo[39m: Setting up listener for community: 9
2025-06-09 12:33:19 [32minfo[39m: Setting up listener for community: 1
2025-06-09 12:33:19 [32minfo[39m: Setting up listener for community: 3
2025-06-09 12:33:19 [32minfo[39m: Setting up listener for community: 4
2025-06-09 12:33:19 [32minfo[39m: Setting up listener for community: 9
2025-06-09 12:33:19 [32minfo[39m: Chat listeners setup complete
2025-06-09 12:33:19 [32minfo[39m: Setting up listener for community: 1
2025-06-09 12:33:19 [32minfo[39m: Setting up listener for community: 3
2025-06-09 12:33:19 [32minfo[39m: Setting up listener for community: 4
2025-06-09 12:33:19 [32minfo[39m: Setting up listener for community: 9
2025-06-09 12:33:19 [32minfo[39m: Chat listeners setup complete
2025-06-09 12:36:37 [32minfo[39m: Setting up chat listeners...
2025-06-09 12:36:37 [32minfo[39m: Medication notification scheduler started
2025-06-09 12:36:37 [32minfo[39m: Setting up chat listeners...
2025-06-09 12:36:38 [32minfo[39m: Setting up listener for community: 1
2025-06-09 12:36:38 [32minfo[39m: Setting up listener for community: 1
2025-06-09 12:36:38 [32minfo[39m: Setting up listener for community: 3
2025-06-09 12:36:38 [32minfo[39m: Setting up listener for community: 3
2025-06-09 12:36:38 [32minfo[39m: Setting up listener for community: 4
2025-06-09 12:36:38 [32minfo[39m: Setting up listener for community: 4
2025-06-09 12:36:38 [32minfo[39m: Setting up listener for community: 9
2025-06-09 12:36:38 [32minfo[39m: Setting up listener for community: 9
2025-06-09 12:36:38 [32minfo[39m: Setting up listener for community: 1
2025-06-09 12:36:38 [32minfo[39m: Setting up listener for community: 3
2025-06-09 12:36:38 [32minfo[39m: Setting up listener for community: 4
2025-06-09 12:36:38 [32minfo[39m: Setting up listener for community: 9
2025-06-09 12:36:38 [32minfo[39m: Chat listeners setup complete
2025-06-09 12:36:38 [32minfo[39m: Setting up listener for community: 1
2025-06-09 12:36:38 [32minfo[39m: Setting up listener for community: 3
2025-06-09 12:36:38 [32minfo[39m: Setting up listener for community: 4
2025-06-09 12:36:38 [32minfo[39m: Setting up listener for community: 9
2025-06-09 12:36:38 [32minfo[39m: Chat listeners setup complete
2025-06-09 12:38:29 [32minfo[39m: Setting up chat listeners...
2025-06-09 12:38:30 [32minfo[39m: Medication notification scheduler started
2025-06-09 12:38:30 [32minfo[39m: Setting up chat listeners...
2025-06-09 12:38:32 [32minfo[39m: Setting up listener for community: 1
2025-06-09 12:38:32 [32minfo[39m: Setting up listener for community: 1
2025-06-09 12:38:32 [32minfo[39m: Setting up listener for community: 3
2025-06-09 12:38:32 [32minfo[39m: Setting up listener for community: 3
2025-06-09 12:38:32 [32minfo[39m: Setting up listener for community: 4
2025-06-09 12:38:32 [32minfo[39m: Setting up listener for community: 4
2025-06-09 12:38:32 [32minfo[39m: Setting up listener for community: 9
2025-06-09 12:38:32 [32minfo[39m: Setting up listener for community: 9
2025-06-09 12:38:32 [32minfo[39m: Setting up listener for community: 1
2025-06-09 12:38:32 [32minfo[39m: Setting up listener for community: 3
2025-06-09 12:38:32 [32minfo[39m: Setting up listener for community: 4
2025-06-09 12:38:32 [32minfo[39m: Setting up listener for community: 9
2025-06-09 12:38:32 [32minfo[39m: Chat listeners setup complete
2025-06-09 12:38:32 [32minfo[39m: Setting up listener for community: 1
2025-06-09 12:38:32 [32minfo[39m: Setting up listener for community: 3
2025-06-09 12:38:32 [32minfo[39m: Setting up listener for community: 4
2025-06-09 12:38:32 [32minfo[39m: Setting up listener for community: 9
2025-06-09 12:38:32 [32minfo[39m: Chat listeners setup complete
2025-06-09 12:41:08 [32minfo[39m: Setting up chat listeners...
2025-06-09 12:41:08 [32minfo[39m: Medication notification scheduler started
2025-06-09 12:41:08 [32minfo[39m: Setting up chat listeners...
2025-06-09 12:41:10 [32minfo[39m: Setting up listener for community: 1
2025-06-09 12:41:10 [32minfo[39m: Setting up listener for community: 1
2025-06-09 12:41:10 [32minfo[39m: Setting up listener for community: 3
2025-06-09 12:41:10 [32minfo[39m: Setting up listener for community: 3
2025-06-09 12:41:10 [32minfo[39m: Setting up listener for community: 4
2025-06-09 12:41:10 [32minfo[39m: Setting up listener for community: 4
2025-06-09 12:41:10 [32minfo[39m: Setting up listener for community: 9
2025-06-09 12:41:10 [32minfo[39m: Setting up listener for community: 9
2025-06-09 12:41:10 [32minfo[39m: Setting up listener for community: 1
2025-06-09 12:41:10 [32minfo[39m: Setting up listener for community: 3
2025-06-09 12:41:10 [32minfo[39m: Setting up listener for community: 4
2025-06-09 12:41:10 [32minfo[39m: Setting up listener for community: 9
2025-06-09 12:41:10 [32minfo[39m: Chat listeners setup complete
2025-06-09 12:41:10 [32minfo[39m: Setting up listener for community: 1
2025-06-09 12:41:10 [32minfo[39m: Setting up listener for community: 3
2025-06-09 12:41:10 [32minfo[39m: Setting up listener for community: 4
2025-06-09 12:41:10 [32minfo[39m: Setting up listener for community: 9
2025-06-09 12:41:10 [32minfo[39m: Chat listeners setup complete
2025-06-09 12:43:17 [32minfo[39m: Setting up chat listeners...
2025-06-09 12:43:17 [32minfo[39m: Medication notification scheduler started
2025-06-09 12:43:17 [32minfo[39m: Setting up chat listeners...
2025-06-09 12:43:18 [32minfo[39m: Setting up listener for community: 1
2025-06-09 12:43:18 [32minfo[39m: Setting up listener for community: 1
2025-06-09 12:43:18 [32minfo[39m: Setting up listener for community: 3
2025-06-09 12:43:18 [32minfo[39m: Setting up listener for community: 3
2025-06-09 12:43:18 [32minfo[39m: Setting up listener for community: 4
2025-06-09 12:43:18 [32minfo[39m: Setting up listener for community: 4
2025-06-09 12:43:18 [32minfo[39m: Setting up listener for community: 9
2025-06-09 12:43:18 [32minfo[39m: Setting up listener for community: 9
2025-06-09 12:43:18 [32minfo[39m: Setting up listener for community: 1
2025-06-09 12:43:18 [32minfo[39m: Setting up listener for community: 3
2025-06-09 12:43:18 [32minfo[39m: Setting up listener for community: 4
2025-06-09 12:43:18 [32minfo[39m: Setting up listener for community: 9
2025-06-09 12:43:18 [32minfo[39m: Chat listeners setup complete
2025-06-09 12:43:18 [32minfo[39m: Setting up listener for community: 1
2025-06-09 12:43:18 [32minfo[39m: Setting up listener for community: 3
2025-06-09 12:43:18 [32minfo[39m: Setting up listener for community: 4
2025-06-09 12:43:18 [32minfo[39m: Setting up listener for community: 9
2025-06-09 12:43:18 [32minfo[39m: Chat listeners setup complete
2025-06-09 12:43:24 [32minfo[39m: Setting up chat listeners...
2025-06-09 12:43:24 [32minfo[39m: Medication notification scheduler started
2025-06-09 12:43:24 [32minfo[39m: Setting up chat listeners...
2025-06-09 12:43:26 [32minfo[39m: Setting up listener for community: 1
2025-06-09 12:43:26 [32minfo[39m: Setting up listener for community: 1
2025-06-09 12:43:26 [32minfo[39m: Setting up listener for community: 3
2025-06-09 12:43:26 [32minfo[39m: Setting up listener for community: 3
2025-06-09 12:43:26 [32minfo[39m: Setting up listener for community: 4
2025-06-09 12:43:26 [32minfo[39m: Setting up listener for community: 4
2025-06-09 12:43:26 [32minfo[39m: Setting up listener for community: 9
2025-06-09 12:43:26 [32minfo[39m: Setting up listener for community: 9
2025-06-09 12:43:26 [32minfo[39m: Setting up listener for community: 1
2025-06-09 12:43:26 [32minfo[39m: Setting up listener for community: 3
2025-06-09 12:43:26 [32minfo[39m: Setting up listener for community: 4
2025-06-09 12:43:26 [32minfo[39m: Setting up listener for community: 9
2025-06-09 12:43:26 [32minfo[39m: Chat listeners setup complete
2025-06-09 12:43:26 [32minfo[39m: Setting up listener for community: 1
2025-06-09 12:43:26 [32minfo[39m: Setting up listener for community: 3
2025-06-09 12:43:26 [32minfo[39m: Setting up listener for community: 4
2025-06-09 12:43:26 [32minfo[39m: Setting up listener for community: 9
2025-06-09 12:43:26 [32minfo[39m: Chat listeners setup complete
2025-06-09 12:43:32 [32minfo[39m: Setting up chat listeners...
2025-06-09 12:43:33 [32minfo[39m: Medication notification scheduler started
2025-06-09 12:43:33 [32minfo[39m: Setting up chat listeners...
2025-06-09 12:43:34 [32minfo[39m: Setting up listener for community: 1
2025-06-09 12:43:34 [32minfo[39m: Setting up listener for community: 1
2025-06-09 12:43:34 [32minfo[39m: Setting up listener for community: 3
2025-06-09 12:43:34 [32minfo[39m: Setting up listener for community: 3
2025-06-09 12:43:34 [32minfo[39m: Setting up listener for community: 4
2025-06-09 12:43:34 [32minfo[39m: Setting up listener for community: 4
2025-06-09 12:43:34 [32minfo[39m: Setting up listener for community: 9
2025-06-09 12:43:34 [32minfo[39m: Setting up listener for community: 9
2025-06-09 12:43:34 [32minfo[39m: Setting up listener for community: 1
2025-06-09 12:43:34 [32minfo[39m: Setting up listener for community: 3
2025-06-09 12:43:34 [32minfo[39m: Setting up listener for community: 4
2025-06-09 12:43:34 [32minfo[39m: Setting up listener for community: 9
2025-06-09 12:43:34 [32minfo[39m: Chat listeners setup complete
2025-06-09 12:43:34 [32minfo[39m: Setting up listener for community: 1
2025-06-09 12:43:34 [32minfo[39m: Setting up listener for community: 3
2025-06-09 12:43:34 [32minfo[39m: Setting up listener for community: 4
2025-06-09 12:43:34 [32minfo[39m: Setting up listener for community: 9
2025-06-09 12:43:34 [32minfo[39m: Chat listeners setup complete
2025-06-09 12:43:48 [32minfo[39m: Setting up chat listeners...
2025-06-09 12:43:48 [32minfo[39m: Medication notification scheduler started
2025-06-09 12:43:48 [32minfo[39m: Setting up chat listeners...
2025-06-09 12:43:51 [32minfo[39m: Setting up listener for community: 1
2025-06-09 12:43:51 [32minfo[39m: Setting up listener for community: 1
2025-06-09 12:43:51 [32minfo[39m: Setting up listener for community: 3
2025-06-09 12:43:51 [32minfo[39m: Setting up listener for community: 3
2025-06-09 12:43:51 [32minfo[39m: Setting up listener for community: 4
2025-06-09 12:43:51 [32minfo[39m: Setting up listener for community: 4
2025-06-09 12:43:51 [32minfo[39m: Setting up listener for community: 9
2025-06-09 12:43:51 [32minfo[39m: Setting up listener for community: 9
2025-06-09 12:43:51 [32minfo[39m: Setting up listener for community: 1
2025-06-09 12:43:51 [32minfo[39m: Setting up listener for community: 3
2025-06-09 12:43:51 [32minfo[39m: Setting up listener for community: 4
2025-06-09 12:43:51 [32minfo[39m: Setting up listener for community: 9
2025-06-09 12:43:51 [32minfo[39m: Chat listeners setup complete
2025-06-09 12:43:51 [32minfo[39m: Setting up listener for community: 1
2025-06-09 12:43:51 [32minfo[39m: Setting up listener for community: 3
2025-06-09 12:43:51 [32minfo[39m: Setting up listener for community: 4
2025-06-09 12:43:51 [32minfo[39m: Setting up listener for community: 9
2025-06-09 12:43:51 [32minfo[39m: Chat listeners setup complete
2025-06-09 12:52:04 [32minfo[39m: Setting up chat listeners...
2025-06-09 12:52:05 [32minfo[39m: Medication notification scheduler started
2025-06-09 12:52:05 [32minfo[39m: Setting up chat listeners...
2025-06-09 12:52:07 [32minfo[39m: Setting up listener for community: 1
2025-06-09 12:52:07 [32minfo[39m: Setting up listener for community: 1
2025-06-09 12:52:07 [32minfo[39m: Setting up listener for community: 3
2025-06-09 12:52:07 [32minfo[39m: Setting up listener for community: 3
2025-06-09 12:52:07 [32minfo[39m: Setting up listener for community: 4
2025-06-09 12:52:07 [32minfo[39m: Setting up listener for community: 4
2025-06-09 12:52:07 [32minfo[39m: Setting up listener for community: 9
2025-06-09 12:52:07 [32minfo[39m: Setting up listener for community: 9
2025-06-09 12:52:07 [32minfo[39m: Setting up listener for community: 1
2025-06-09 12:52:07 [32minfo[39m: Setting up listener for community: 3
2025-06-09 12:52:07 [32minfo[39m: Setting up listener for community: 4
2025-06-09 12:52:07 [32minfo[39m: Setting up listener for community: 9
2025-06-09 12:52:07 [32minfo[39m: Chat listeners setup complete
2025-06-09 12:52:07 [32minfo[39m: Setting up listener for community: 1
2025-06-09 12:52:07 [32minfo[39m: Setting up listener for community: 3
2025-06-09 12:52:07 [32minfo[39m: Setting up listener for community: 4
2025-06-09 12:52:07 [32minfo[39m: Setting up listener for community: 9
2025-06-09 12:52:07 [32minfo[39m: Chat listeners setup complete
2025-06-09 12:52:16 [32minfo[39m: Setting up chat listeners...
2025-06-09 12:52:16 [32minfo[39m: Medication notification scheduler started
2025-06-09 12:52:16 [32minfo[39m: Setting up chat listeners...
2025-06-09 12:52:18 [32minfo[39m: Setting up listener for community: 1
2025-06-09 12:52:18 [32minfo[39m: Setting up listener for community: 1
2025-06-09 12:52:18 [32minfo[39m: Setting up listener for community: 3
2025-06-09 12:52:18 [32minfo[39m: Setting up listener for community: 3
2025-06-09 12:52:18 [32minfo[39m: Setting up listener for community: 4
2025-06-09 12:52:18 [32minfo[39m: Setting up listener for community: 4
2025-06-09 12:52:18 [32minfo[39m: Setting up listener for community: 9
2025-06-09 12:52:18 [32minfo[39m: Setting up listener for community: 9
2025-06-09 12:52:18 [32minfo[39m: Setting up listener for community: 1
2025-06-09 12:52:18 [32minfo[39m: Setting up listener for community: 3
2025-06-09 12:52:18 [32minfo[39m: Setting up listener for community: 4
2025-06-09 12:52:18 [32minfo[39m: Setting up listener for community: 9
2025-06-09 12:52:18 [32minfo[39m: Chat listeners setup complete
2025-06-09 12:52:18 [32minfo[39m: Setting up listener for community: 1
2025-06-09 12:52:18 [32minfo[39m: Setting up listener for community: 3
2025-06-09 12:52:18 [32minfo[39m: Setting up listener for community: 4
2025-06-09 12:52:18 [32minfo[39m: Setting up listener for community: 9
2025-06-09 12:52:18 [32minfo[39m: Chat listeners setup complete
2025-06-09 12:52:42 [32minfo[39m: Setting up chat listeners...
2025-06-09 12:52:42 [32minfo[39m: Medication notification scheduler started
2025-06-09 12:52:42 [32minfo[39m: Setting up chat listeners...
2025-06-09 12:52:44 [32minfo[39m: Setting up listener for community: 1
2025-06-09 12:52:44 [32minfo[39m: Setting up listener for community: 1
2025-06-09 12:52:44 [32minfo[39m: Setting up listener for community: 3
2025-06-09 12:52:44 [32minfo[39m: Setting up listener for community: 3
2025-06-09 12:52:44 [32minfo[39m: Setting up listener for community: 4
2025-06-09 12:52:44 [32minfo[39m: Setting up listener for community: 4
2025-06-09 12:52:44 [32minfo[39m: Setting up listener for community: 9
2025-06-09 12:52:44 [32minfo[39m: Setting up listener for community: 9
2025-06-09 12:52:44 [32minfo[39m: Setting up listener for community: 1
2025-06-09 12:52:44 [32minfo[39m: Setting up listener for community: 3
2025-06-09 12:52:44 [32minfo[39m: Setting up listener for community: 4
2025-06-09 12:52:44 [32minfo[39m: Setting up listener for community: 9
2025-06-09 12:52:44 [32minfo[39m: Chat listeners setup complete
2025-06-09 12:52:44 [32minfo[39m: Setting up listener for community: 1
2025-06-09 12:52:44 [32minfo[39m: Setting up listener for community: 3
2025-06-09 12:52:44 [32minfo[39m: Setting up listener for community: 4
2025-06-09 12:52:44 [32minfo[39m: Setting up listener for community: 9
2025-06-09 12:52:44 [32minfo[39m: Chat listeners setup complete
2025-06-09 12:53:19 [32minfo[39m: Setting up chat listeners...
2025-06-09 12:53:19 [32minfo[39m: Medication notification scheduler started
2025-06-09 12:53:19 [32minfo[39m: Setting up chat listeners...
2025-06-09 12:53:20 [32minfo[39m: Setting up listener for community: 1
2025-06-09 12:53:20 [32minfo[39m: Setting up listener for community: 1
2025-06-09 12:53:20 [32minfo[39m: Setting up listener for community: 3
2025-06-09 12:53:20 [32minfo[39m: Setting up listener for community: 3
2025-06-09 12:53:20 [32minfo[39m: Setting up listener for community: 4
2025-06-09 12:53:20 [32minfo[39m: Setting up listener for community: 4
2025-06-09 12:53:20 [32minfo[39m: Setting up listener for community: 9
2025-06-09 12:53:20 [32minfo[39m: Setting up listener for community: 9
2025-06-09 12:53:20 [32minfo[39m: Setting up listener for community: 1
2025-06-09 12:53:20 [32minfo[39m: Setting up listener for community: 3
2025-06-09 12:53:20 [32minfo[39m: Setting up listener for community: 4
2025-06-09 12:53:20 [32minfo[39m: Setting up listener for community: 9
2025-06-09 12:53:20 [32minfo[39m: Chat listeners setup complete
2025-06-09 12:53:20 [32minfo[39m: Setting up listener for community: 1
2025-06-09 12:53:20 [32minfo[39m: Setting up listener for community: 3
2025-06-09 12:53:20 [32minfo[39m: Setting up listener for community: 4
2025-06-09 12:53:20 [32minfo[39m: Setting up listener for community: 9
2025-06-09 12:53:20 [32minfo[39m: Chat listeners setup complete
2025-06-09 12:53:51 [32minfo[39m: Setting up chat listeners...
2025-06-09 12:53:51 [32minfo[39m: Medication notification scheduler started
2025-06-09 12:53:51 [32minfo[39m: Setting up chat listeners...
2025-06-09 12:53:53 [32minfo[39m: Setting up listener for community: 1
2025-06-09 12:53:53 [32minfo[39m: Setting up listener for community: 1
2025-06-09 12:53:53 [32minfo[39m: Setting up listener for community: 3
2025-06-09 12:53:53 [32minfo[39m: Setting up listener for community: 3
2025-06-09 12:53:53 [32minfo[39m: Setting up listener for community: 4
2025-06-09 12:53:53 [32minfo[39m: Setting up listener for community: 4
2025-06-09 12:53:53 [32minfo[39m: Setting up listener for community: 9
2025-06-09 12:53:53 [32minfo[39m: Setting up listener for community: 9
2025-06-09 12:53:53 [32minfo[39m: Setting up listener for community: 1
2025-06-09 12:53:53 [32minfo[39m: Setting up listener for community: 3
2025-06-09 12:53:53 [32minfo[39m: Setting up listener for community: 4
2025-06-09 12:53:53 [32minfo[39m: Setting up listener for community: 9
2025-06-09 12:53:53 [32minfo[39m: Chat listeners setup complete
2025-06-09 12:53:53 [32minfo[39m: Setting up listener for community: 1
2025-06-09 12:53:53 [32minfo[39m: Setting up listener for community: 3
2025-06-09 12:53:53 [32minfo[39m: Setting up listener for community: 4
2025-06-09 12:53:53 [32minfo[39m: Setting up listener for community: 9
2025-06-09 12:53:53 [32minfo[39m: Chat listeners setup complete
2025-06-09 12:53:56 [32minfo[39m: Setting up chat listeners...
2025-06-09 12:53:57 [32minfo[39m: Medication notification scheduler started
2025-06-09 12:53:57 [32minfo[39m: Setting up chat listeners...
2025-06-09 12:53:58 [32minfo[39m: Setting up listener for community: 1
2025-06-09 12:53:58 [32minfo[39m: Setting up listener for community: 1
2025-06-09 12:53:58 [32minfo[39m: Setting up listener for community: 3
2025-06-09 12:53:58 [32minfo[39m: Setting up listener for community: 3
2025-06-09 12:53:58 [32minfo[39m: Setting up listener for community: 4
2025-06-09 12:53:58 [32minfo[39m: Setting up listener for community: 4
2025-06-09 12:53:58 [32minfo[39m: Setting up listener for community: 9
2025-06-09 12:53:58 [32minfo[39m: Setting up listener for community: 9
2025-06-09 12:53:58 [32minfo[39m: Setting up listener for community: 1
2025-06-09 12:53:58 [32minfo[39m: Setting up listener for community: 3
2025-06-09 12:53:58 [32minfo[39m: Setting up listener for community: 4
2025-06-09 12:53:58 [32minfo[39m: Setting up listener for community: 9
2025-06-09 12:53:58 [32minfo[39m: Chat listeners setup complete
2025-06-09 12:53:58 [32minfo[39m: Setting up listener for community: 1
2025-06-09 12:53:58 [32minfo[39m: Setting up listener for community: 3
2025-06-09 12:53:58 [32minfo[39m: Setting up listener for community: 4
2025-06-09 12:53:58 [32minfo[39m: Setting up listener for community: 9
2025-06-09 12:53:58 [32minfo[39m: Chat listeners setup complete
2025-06-09 12:54:52 [32minfo[39m: Setting up chat listeners...
2025-06-09 12:54:52 [32minfo[39m: Medication notification scheduler started
2025-06-09 12:54:52 [32minfo[39m: Setting up chat listeners...
2025-06-09 12:54:54 [32minfo[39m: Setting up listener for community: 1
2025-06-09 12:54:54 [32minfo[39m: Setting up listener for community: 1
2025-06-09 12:54:54 [32minfo[39m: Setting up listener for community: 3
2025-06-09 12:54:54 [32minfo[39m: Setting up listener for community: 3
2025-06-09 12:54:54 [32minfo[39m: Setting up listener for community: 4
2025-06-09 12:54:54 [32minfo[39m: Setting up listener for community: 4
2025-06-09 12:54:54 [32minfo[39m: Setting up listener for community: 9
2025-06-09 12:54:54 [32minfo[39m: Setting up listener for community: 9
2025-06-09 12:54:54 [32minfo[39m: Setting up listener for community: 1
2025-06-09 12:54:54 [32minfo[39m: Setting up listener for community: 3
2025-06-09 12:54:54 [32minfo[39m: Setting up listener for community: 4
2025-06-09 12:54:54 [32minfo[39m: Setting up listener for community: 9
2025-06-09 12:54:54 [32minfo[39m: Chat listeners setup complete
2025-06-09 12:54:54 [32minfo[39m: Setting up listener for community: 1
2025-06-09 12:54:54 [32minfo[39m: Setting up listener for community: 3
2025-06-09 12:54:54 [32minfo[39m: Setting up listener for community: 4
2025-06-09 12:54:54 [32minfo[39m: Setting up listener for community: 9
2025-06-09 12:54:54 [32minfo[39m: Chat listeners setup complete
2025-06-09 12:55:12 [32minfo[39m: Setting up chat listeners...
2025-06-09 12:55:13 [32minfo[39m: Medication notification scheduler started
2025-06-09 12:55:13 [32minfo[39m: Setting up chat listeners...
2025-06-09 12:55:16 [32minfo[39m: Setting up listener for community: 1
2025-06-09 12:55:16 [32minfo[39m: Setting up listener for community: 1
2025-06-09 12:55:16 [32minfo[39m: Setting up listener for community: 3
2025-06-09 12:55:16 [32minfo[39m: Setting up listener for community: 3
2025-06-09 12:55:16 [32minfo[39m: Setting up listener for community: 4
2025-06-09 12:55:16 [32minfo[39m: Setting up listener for community: 4
2025-06-09 12:55:16 [32minfo[39m: Setting up listener for community: 9
2025-06-09 12:55:16 [32minfo[39m: Setting up listener for community: 9
2025-06-09 12:55:16 [32minfo[39m: Setting up listener for community: 1
2025-06-09 12:55:16 [32minfo[39m: Setting up listener for community: 3
2025-06-09 12:55:16 [32minfo[39m: Setting up listener for community: 4
2025-06-09 12:55:16 [32minfo[39m: Setting up listener for community: 9
2025-06-09 12:55:16 [32minfo[39m: Chat listeners setup complete
2025-06-09 12:55:16 [32minfo[39m: Setting up listener for community: 1
2025-06-09 12:55:16 [32minfo[39m: Setting up listener for community: 3
2025-06-09 12:55:16 [32minfo[39m: Setting up listener for community: 4
2025-06-09 12:55:16 [32minfo[39m: Setting up listener for community: 9
2025-06-09 12:55:16 [32minfo[39m: Chat listeners setup complete
2025-06-09 12:55:46 [32minfo[39m: Setting up chat listeners...
2025-06-09 12:55:47 [32minfo[39m: Medication notification scheduler started
2025-06-09 12:55:47 [32minfo[39m: Setting up chat listeners...
2025-06-09 12:55:48 [32minfo[39m: Setting up listener for community: 1
2025-06-09 12:55:48 [32minfo[39m: Setting up listener for community: 1
2025-06-09 12:55:48 [32minfo[39m: Setting up listener for community: 3
2025-06-09 12:55:48 [32minfo[39m: Setting up listener for community: 3
2025-06-09 12:55:48 [32minfo[39m: Setting up listener for community: 4
2025-06-09 12:55:48 [32minfo[39m: Setting up listener for community: 4
2025-06-09 12:55:48 [32minfo[39m: Setting up listener for community: 9
2025-06-09 12:55:48 [32minfo[39m: Setting up listener for community: 9
2025-06-09 12:55:48 [32minfo[39m: Setting up listener for community: 1
2025-06-09 12:55:48 [32minfo[39m: Setting up listener for community: 3
2025-06-09 12:55:48 [32minfo[39m: Setting up listener for community: 4
2025-06-09 12:55:48 [32minfo[39m: Setting up listener for community: 9
2025-06-09 12:55:48 [32minfo[39m: Chat listeners setup complete
2025-06-09 12:55:48 [32minfo[39m: Setting up listener for community: 1
2025-06-09 12:55:48 [32minfo[39m: Setting up listener for community: 3
2025-06-09 12:55:48 [32minfo[39m: Setting up listener for community: 4
2025-06-09 12:55:48 [32minfo[39m: Setting up listener for community: 9
2025-06-09 12:55:48 [32minfo[39m: Chat listeners setup complete
2025-06-09 12:56:00 [32minfo[39m: Setting up chat listeners...
2025-06-09 12:56:01 [32minfo[39m: Medication notification scheduler started
2025-06-09 12:56:01 [32minfo[39m: Setting up chat listeners...
2025-06-09 12:56:02 [32minfo[39m: Setting up listener for community: 1
2025-06-09 12:56:02 [32minfo[39m: Setting up listener for community: 1
2025-06-09 12:56:02 [32minfo[39m: Setting up listener for community: 3
2025-06-09 12:56:02 [32minfo[39m: Setting up listener for community: 3
2025-06-09 12:56:02 [32minfo[39m: Setting up listener for community: 4
2025-06-09 12:56:02 [32minfo[39m: Setting up listener for community: 4
2025-06-09 12:56:02 [32minfo[39m: Setting up listener for community: 9
2025-06-09 12:56:02 [32minfo[39m: Setting up listener for community: 9
2025-06-09 12:56:02 [32minfo[39m: Setting up listener for community: 1
2025-06-09 12:56:02 [32minfo[39m: Setting up listener for community: 3
2025-06-09 12:56:02 [32minfo[39m: Setting up listener for community: 4
2025-06-09 12:56:02 [32minfo[39m: Setting up listener for community: 9
2025-06-09 12:56:02 [32minfo[39m: Chat listeners setup complete
2025-06-09 12:56:02 [32minfo[39m: Setting up listener for community: 1
2025-06-09 12:56:02 [32minfo[39m: Setting up listener for community: 3
2025-06-09 12:56:02 [32minfo[39m: Setting up listener for community: 4
2025-06-09 12:56:02 [32minfo[39m: Setting up listener for community: 9
2025-06-09 12:56:02 [32minfo[39m: Chat listeners setup complete
2025-06-09 12:56:04 [32minfo[39m: Setting up chat listeners...
2025-06-09 12:56:05 [32minfo[39m: Medication notification scheduler started
2025-06-09 12:56:05 [32minfo[39m: Setting up chat listeners...
2025-06-09 12:56:06 [32minfo[39m: Setting up listener for community: 1
2025-06-09 12:56:06 [32minfo[39m: Setting up listener for community: 1
2025-06-09 12:56:06 [32minfo[39m: Setting up listener for community: 3
2025-06-09 12:56:06 [32minfo[39m: Setting up listener for community: 3
2025-06-09 12:56:06 [32minfo[39m: Setting up listener for community: 4
2025-06-09 12:56:06 [32minfo[39m: Setting up listener for community: 4
2025-06-09 12:56:06 [32minfo[39m: Setting up listener for community: 9
2025-06-09 12:56:06 [32minfo[39m: Setting up listener for community: 9
2025-06-09 12:56:06 [32minfo[39m: Setting up listener for community: 1
2025-06-09 12:56:06 [32minfo[39m: Setting up listener for community: 3
2025-06-09 12:56:06 [32minfo[39m: Setting up listener for community: 4
2025-06-09 12:56:06 [32minfo[39m: Setting up listener for community: 9
2025-06-09 12:56:06 [32minfo[39m: Chat listeners setup complete
2025-06-09 12:56:06 [32minfo[39m: Setting up listener for community: 1
2025-06-09 12:56:06 [32minfo[39m: Setting up listener for community: 3
2025-06-09 12:56:06 [32minfo[39m: Setting up listener for community: 4
2025-06-09 12:56:06 [32minfo[39m: Setting up listener for community: 9
2025-06-09 12:56:06 [32minfo[39m: Chat listeners setup complete
2025-06-09 12:56:10 [32minfo[39m: Setting up chat listeners...
2025-06-09 12:56:11 [32minfo[39m: Medication notification scheduler started
2025-06-09 12:56:11 [32minfo[39m: Setting up chat listeners...
2025-06-09 12:56:14 [32minfo[39m: Setting up listener for community: 1
2025-06-09 12:56:14 [32minfo[39m: Setting up listener for community: 1
2025-06-09 12:56:14 [32minfo[39m: Setting up listener for community: 3
2025-06-09 12:56:14 [32minfo[39m: Setting up listener for community: 3
2025-06-09 12:56:14 [32minfo[39m: Setting up listener for community: 4
2025-06-09 12:56:14 [32minfo[39m: Setting up listener for community: 4
2025-06-09 12:56:14 [32minfo[39m: Setting up listener for community: 9
2025-06-09 12:56:14 [32minfo[39m: Setting up listener for community: 9
2025-06-09 12:56:14 [32minfo[39m: Setting up listener for community: 1
2025-06-09 12:56:14 [32minfo[39m: Setting up listener for community: 3
2025-06-09 12:56:14 [32minfo[39m: Setting up listener for community: 4
2025-06-09 12:56:14 [32minfo[39m: Setting up listener for community: 9
2025-06-09 12:56:14 [32minfo[39m: Chat listeners setup complete
2025-06-09 12:56:14 [32minfo[39m: Setting up listener for community: 1
2025-06-09 12:56:14 [32minfo[39m: Setting up listener for community: 3
2025-06-09 12:56:14 [32minfo[39m: Setting up listener for community: 4
2025-06-09 12:56:14 [32minfo[39m: Setting up listener for community: 9
2025-06-09 12:56:14 [32minfo[39m: Chat listeners setup complete
2025-06-09 12:56:33 [32minfo[39m: Setting up chat listeners...
2025-06-09 12:56:33 [32minfo[39m: Medication notification scheduler started
2025-06-09 12:56:33 [32minfo[39m: Setting up chat listeners...
2025-06-09 12:56:34 [32minfo[39m: Setting up listener for community: 1
2025-06-09 12:56:34 [32minfo[39m: Setting up listener for community: 1
2025-06-09 12:56:34 [32minfo[39m: Setting up listener for community: 3
2025-06-09 12:56:34 [32minfo[39m: Setting up listener for community: 3
2025-06-09 12:56:34 [32minfo[39m: Setting up listener for community: 4
2025-06-09 12:56:34 [32minfo[39m: Setting up listener for community: 4
2025-06-09 12:56:34 [32minfo[39m: Setting up listener for community: 9
2025-06-09 12:56:34 [32minfo[39m: Setting up listener for community: 9
2025-06-09 12:56:34 [32minfo[39m: Setting up listener for community: 1
2025-06-09 12:56:34 [32minfo[39m: Setting up listener for community: 3
2025-06-09 12:56:34 [32minfo[39m: Setting up listener for community: 4
2025-06-09 12:56:34 [32minfo[39m: Setting up listener for community: 9
2025-06-09 12:56:34 [32minfo[39m: Chat listeners setup complete
2025-06-09 12:56:34 [32minfo[39m: Setting up listener for community: 1
2025-06-09 12:56:34 [32minfo[39m: Setting up listener for community: 3
2025-06-09 12:56:34 [32minfo[39m: Setting up listener for community: 4
2025-06-09 12:56:34 [32minfo[39m: Setting up listener for community: 9
2025-06-09 12:56:34 [32minfo[39m: Chat listeners setup complete
2025-06-09 16:30:01 [31merror[39m: SequelizeHostNotFoundError: getaddrinfo ENOTFOUND aws-0-us-east-2.pooler.supabase.com
    at Client._connectionCallback (C:\Users\ASUS\OneDrive\Escritorio\QfindeR\project_final\backend\Qfinder_backend\node_modules\sequelize\lib\dialects\postgres\connection-manager.js:136:24)
    at Client._handleErrorWhileConnecting (C:\Users\ASUS\OneDrive\Escritorio\QfindeR\project_final\backend\Qfinder_backend\node_modules\pg\lib\client.js:336:19)
    at Client._handleErrorEvent (C:\Users\ASUS\OneDrive\Escritorio\QfindeR\project_final\backend\Qfinder_backend\node_modules\pg\lib\client.js:346:19)
    at Connection.emit (node:events:507:28)
    at Socket.reportStreamError (C:\Users\ASUS\OneDrive\Escritorio\QfindeR\project_final\backend\Qfinder_backend\node_modules\pg\lib\connection.js:57:12)
    at Socket.emit (node:events:507:28)
    at emitErrorNT (node:internal/streams/destroy:170:8)
    at emitErrorCloseNT (node:internal/streams/destroy:129:3)
    at process.processTicksAndRejections (node:internal/process/task_queues:90:21)
2025-06-09 16:34:07 [32minfo[39m: Setting up chat listeners...
2025-06-09 16:34:07 [32minfo[39m: Medication notification scheduler started
2025-06-09 16:34:07 [32minfo[39m: Setting up chat listeners...
2025-06-09 16:34:08 [32minfo[39m: Setting up listener for community: 1
2025-06-09 16:34:08 [32minfo[39m: Setting up listener for community: 1
2025-06-09 16:34:08 [32minfo[39m: Setting up listener for community: 3
2025-06-09 16:34:08 [32minfo[39m: Setting up listener for community: 3
2025-06-09 16:34:08 [32minfo[39m: Setting up listener for community: 4
2025-06-09 16:34:08 [32minfo[39m: Setting up listener for community: 4
2025-06-09 16:34:08 [32minfo[39m: Setting up listener for community: 9
2025-06-09 16:34:08 [32minfo[39m: Setting up listener for community: 9
2025-06-09 16:34:08 [32minfo[39m: Setting up listener for community: 1
2025-06-09 16:34:08 [32minfo[39m: Setting up listener for community: 3
2025-06-09 16:34:08 [32minfo[39m: Setting up listener for community: 4
2025-06-09 16:34:08 [32minfo[39m: Setting up listener for community: 9
2025-06-09 16:34:08 [32minfo[39m: Chat listeners setup complete
2025-06-09 16:34:08 [32minfo[39m: Setting up listener for community: 1
2025-06-09 16:34:08 [32minfo[39m: Setting up listener for community: 3
2025-06-09 16:34:08 [32minfo[39m: Setting up listener for community: 4
2025-06-09 16:34:08 [32minfo[39m: Setting up listener for community: 9
2025-06-09 16:34:08 [32minfo[39m: Chat listeners setup complete
2025-06-09 16:39:11 [32minfo[39m: Setting up chat listeners...
2025-06-09 16:39:11 [32minfo[39m: Medication notification scheduler started
2025-06-09 16:39:11 [32minfo[39m: Setting up chat listeners...
2025-06-09 16:39:14 [32minfo[39m: Setting up chat listeners...
2025-06-09 16:39:14 [32minfo[39m: Medication notification scheduler started
2025-06-09 16:39:14 [32minfo[39m: Setting up chat listeners...
2025-06-09 16:39:15 [32minfo[39m: Setting up listener for community: 1
2025-06-09 16:39:15 [32minfo[39m: Setting up listener for community: 1
2025-06-09 16:39:15 [32minfo[39m: Setting up listener for community: 3
2025-06-09 16:39:15 [32minfo[39m: Setting up listener for community: 3
2025-06-09 16:39:15 [32minfo[39m: Setting up listener for community: 4
2025-06-09 16:39:15 [32minfo[39m: Setting up listener for community: 4
2025-06-09 16:39:15 [32minfo[39m: Setting up listener for community: 9
2025-06-09 16:39:15 [32minfo[39m: Setting up listener for community: 9
2025-06-09 16:39:15 [32minfo[39m: Setting up listener for community: 1
2025-06-09 16:39:15 [32minfo[39m: Setting up listener for community: 3
2025-06-09 16:39:15 [32minfo[39m: Setting up listener for community: 4
2025-06-09 16:39:15 [32minfo[39m: Setting up listener for community: 9
2025-06-09 16:39:15 [32minfo[39m: Chat listeners setup complete
2025-06-09 16:39:15 [32minfo[39m: Setting up listener for community: 1
2025-06-09 16:39:15 [32minfo[39m: Setting up listener for community: 3
2025-06-09 16:39:15 [32minfo[39m: Setting up listener for community: 4
2025-06-09 16:39:15 [32minfo[39m: Setting up listener for community: 9
2025-06-09 16:39:15 [32minfo[39m: Chat listeners setup complete
2025-06-09 16:39:35 [32minfo[39m: Setting up chat listeners...
2025-06-09 16:39:36 [32minfo[39m: Medication notification scheduler started
2025-06-09 16:39:36 [32minfo[39m: Setting up chat listeners...
2025-06-09 16:39:38 [32minfo[39m: Setting up chat listeners...
2025-06-09 16:39:39 [32minfo[39m: Medication notification scheduler started
2025-06-09 16:39:39 [32minfo[39m: Setting up chat listeners...
2025-06-09 16:39:39 [32minfo[39m: Setting up listener for community: 1
2025-06-09 16:39:39 [32minfo[39m: Setting up listener for community: 1
2025-06-09 16:39:39 [32minfo[39m: Setting up listener for community: 3
2025-06-09 16:39:39 [32minfo[39m: Setting up listener for community: 3
2025-06-09 16:39:39 [32minfo[39m: Setting up listener for community: 4
2025-06-09 16:39:39 [32minfo[39m: Setting up listener for community: 4
2025-06-09 16:39:39 [32minfo[39m: Setting up listener for community: 9
2025-06-09 16:39:39 [32minfo[39m: Setting up listener for community: 9
2025-06-09 16:39:39 [32minfo[39m: Setting up listener for community: 1
2025-06-09 16:39:39 [32minfo[39m: Setting up listener for community: 3
2025-06-09 16:39:39 [32minfo[39m: Setting up listener for community: 4
2025-06-09 16:39:39 [32minfo[39m: Setting up listener for community: 9
2025-06-09 16:39:39 [32minfo[39m: Chat listeners setup complete
2025-06-09 16:39:39 [32minfo[39m: Setting up listener for community: 1
2025-06-09 16:39:39 [32minfo[39m: Setting up listener for community: 3
2025-06-09 16:39:39 [32minfo[39m: Setting up listener for community: 4
2025-06-09 16:39:39 [32minfo[39m: Setting up listener for community: 9
2025-06-09 16:39:39 [32minfo[39m: Chat listeners setup complete
2025-06-09 16:42:47 [32minfo[39m: Setting up chat listeners...
2025-06-09 16:42:48 [32minfo[39m: Medication notification scheduler started
2025-06-09 16:42:48 [32minfo[39m: Setting up chat listeners...
2025-06-09 16:42:48 [32minfo[39m: Setting up listener for community: 1
2025-06-09 16:42:48 [32minfo[39m: Setting up listener for community: 1
2025-06-09 16:42:48 [32minfo[39m: Setting up listener for community: 3
2025-06-09 16:42:48 [32minfo[39m: Setting up listener for community: 3
2025-06-09 16:42:48 [32minfo[39m: Setting up listener for community: 4
2025-06-09 16:42:48 [32minfo[39m: Setting up listener for community: 4
2025-06-09 16:42:48 [32minfo[39m: Setting up listener for community: 9
2025-06-09 16:42:48 [32minfo[39m: Setting up listener for community: 9
2025-06-09 16:42:48 [32minfo[39m: Setting up listener for community: 1
2025-06-09 16:42:48 [32minfo[39m: Setting up listener for community: 3
2025-06-09 16:42:48 [32minfo[39m: Setting up listener for community: 4
2025-06-09 16:42:48 [32minfo[39m: Setting up listener for community: 9
2025-06-09 16:42:48 [32minfo[39m: Chat listeners setup complete
2025-06-09 16:42:48 [32minfo[39m: Setting up listener for community: 1
2025-06-09 16:42:48 [32minfo[39m: Setting up listener for community: 3
2025-06-09 16:42:48 [32minfo[39m: Setting up listener for community: 4
2025-06-09 16:42:48 [32minfo[39m: Setting up listener for community: 9
2025-06-09 16:42:48 [32minfo[39m: Chat listeners setup complete
2025-06-09 16:43:15 [32minfo[39m: Setting up chat listeners...
2025-06-09 16:43:16 [32minfo[39m: Medication notification scheduler started
2025-06-09 16:43:16 [32minfo[39m: Setting up chat listeners...
2025-06-09 16:43:16 [32minfo[39m: Setting up listener for community: 1
2025-06-09 16:43:16 [32minfo[39m: Setting up listener for community: 1
2025-06-09 16:43:16 [32minfo[39m: Setting up listener for community: 3
2025-06-09 16:43:16 [32minfo[39m: Setting up listener for community: 3
2025-06-09 16:43:16 [32minfo[39m: Setting up listener for community: 4
2025-06-09 16:43:16 [32minfo[39m: Setting up listener for community: 4
2025-06-09 16:43:16 [32minfo[39m: Setting up listener for community: 9
2025-06-09 16:43:16 [32minfo[39m: Setting up listener for community: 9
2025-06-09 16:43:16 [32minfo[39m: Setting up listener for community: 1
2025-06-09 16:43:16 [32minfo[39m: Setting up listener for community: 3
2025-06-09 16:43:16 [32minfo[39m: Setting up listener for community: 4
2025-06-09 16:43:16 [32minfo[39m: Setting up listener for community: 9
2025-06-09 16:43:16 [32minfo[39m: Chat listeners setup complete
2025-06-09 16:43:16 [32minfo[39m: Setting up listener for community: 1
2025-06-09 16:43:16 [32minfo[39m: Setting up listener for community: 3
2025-06-09 16:43:16 [32minfo[39m: Setting up listener for community: 4
2025-06-09 16:43:16 [32minfo[39m: Setting up listener for community: 9
2025-06-09 16:43:16 [32minfo[39m: Chat listeners setup complete
2025-06-09 16:43:23 [32minfo[39m: Setting up chat listeners...
2025-06-09 16:43:23 [32minfo[39m: Medication notification scheduler started
2025-06-09 16:43:23 [32minfo[39m: Setting up chat listeners...
2025-06-09 16:43:24 [32minfo[39m: Setting up listener for community: 1
2025-06-09 16:43:24 [32minfo[39m: Setting up listener for community: 1
2025-06-09 16:43:24 [32minfo[39m: Setting up listener for community: 3
2025-06-09 16:43:24 [32minfo[39m: Setting up listener for community: 3
2025-06-09 16:43:24 [32minfo[39m: Setting up listener for community: 4
2025-06-09 16:43:24 [32minfo[39m: Setting up listener for community: 4
2025-06-09 16:43:24 [32minfo[39m: Setting up listener for community: 9
2025-06-09 16:43:24 [32minfo[39m: Setting up listener for community: 9
2025-06-09 16:43:24 [32minfo[39m: Setting up listener for community: 1
2025-06-09 16:43:24 [32minfo[39m: Setting up listener for community: 3
2025-06-09 16:43:24 [32minfo[39m: Setting up listener for community: 4
2025-06-09 16:43:24 [32minfo[39m: Setting up listener for community: 9
2025-06-09 16:43:24 [32minfo[39m: Chat listeners setup complete
2025-06-09 16:43:24 [32minfo[39m: Setting up listener for community: 1
2025-06-09 16:43:24 [32minfo[39m: Setting up listener for community: 3
2025-06-09 16:43:24 [32minfo[39m: Setting up listener for community: 4
2025-06-09 16:43:24 [32minfo[39m: Setting up listener for community: 9
2025-06-09 16:43:24 [32minfo[39m: Chat listeners setup complete
2025-06-09 16:43:48 [32minfo[39m: Setting up chat listeners...
2025-06-09 16:43:49 [32minfo[39m: Medication notification scheduler started
2025-06-09 16:43:49 [32minfo[39m: Setting up chat listeners...
2025-06-09 16:43:49 [32minfo[39m: Setting up listener for community: 1
2025-06-09 16:43:49 [32minfo[39m: Setting up listener for community: 1
2025-06-09 16:43:49 [32minfo[39m: Setting up listener for community: 3
2025-06-09 16:43:49 [32minfo[39m: Setting up listener for community: 3
2025-06-09 16:43:49 [32minfo[39m: Setting up listener for community: 4
2025-06-09 16:43:49 [32minfo[39m: Setting up listener for community: 4
2025-06-09 16:43:49 [32minfo[39m: Setting up listener for community: 9
2025-06-09 16:43:49 [32minfo[39m: Setting up listener for community: 9
2025-06-09 16:43:49 [32minfo[39m: Setting up listener for community: 1
2025-06-09 16:43:49 [32minfo[39m: Setting up listener for community: 3
2025-06-09 16:43:49 [32minfo[39m: Setting up listener for community: 4
2025-06-09 16:43:49 [32minfo[39m: Setting up listener for community: 9
2025-06-09 16:43:49 [32minfo[39m: Chat listeners setup complete
2025-06-09 16:43:49 [32minfo[39m: Setting up listener for community: 1
2025-06-09 16:43:49 [32minfo[39m: Setting up listener for community: 3
2025-06-09 16:43:49 [32minfo[39m: Setting up listener for community: 4
2025-06-09 16:43:49 [32minfo[39m: Setting up listener for community: 9
2025-06-09 16:43:49 [32minfo[39m: Chat listeners setup complete
2025-06-09 16:43:58 [32minfo[39m: Setting up chat listeners...
2025-06-09 16:43:59 [32minfo[39m: Medication notification scheduler started
2025-06-09 16:43:59 [32minfo[39m: Setting up chat listeners...
2025-06-09 16:43:59 [32minfo[39m: Setting up listener for community: 1
2025-06-09 16:43:59 [32minfo[39m: Setting up listener for community: 1
2025-06-09 16:43:59 [32minfo[39m: Setting up listener for community: 3
2025-06-09 16:43:59 [32minfo[39m: Setting up listener for community: 3
2025-06-09 16:43:59 [32minfo[39m: Setting up listener for community: 4
2025-06-09 16:43:59 [32minfo[39m: Setting up listener for community: 4
2025-06-09 16:43:59 [32minfo[39m: Setting up listener for community: 9
2025-06-09 16:43:59 [32minfo[39m: Setting up listener for community: 9
2025-06-09 16:43:59 [32minfo[39m: Setting up listener for community: 1
2025-06-09 16:43:59 [32minfo[39m: Setting up listener for community: 3
2025-06-09 16:43:59 [32minfo[39m: Setting up listener for community: 4
2025-06-09 16:43:59 [32minfo[39m: Setting up listener for community: 9
2025-06-09 16:43:59 [32minfo[39m: Chat listeners setup complete
2025-06-09 16:43:59 [32minfo[39m: Setting up listener for community: 1
2025-06-09 16:43:59 [32minfo[39m: Setting up listener for community: 3
2025-06-09 16:43:59 [32minfo[39m: Setting up listener for community: 4
2025-06-09 16:43:59 [32minfo[39m: Setting up listener for community: 9
2025-06-09 16:43:59 [32minfo[39m: Chat listeners setup complete
2025-06-09 16:44:12 [32minfo[39m: Setting up chat listeners...
2025-06-09 16:44:13 [32minfo[39m: Medication notification scheduler started
2025-06-09 16:44:13 [32minfo[39m: Setting up chat listeners...
2025-06-09 16:44:13 [32minfo[39m: Setting up listener for community: 1
2025-06-09 16:44:13 [32minfo[39m: Setting up listener for community: 1
2025-06-09 16:44:13 [32minfo[39m: Setting up listener for community: 3
2025-06-09 16:44:13 [32minfo[39m: Setting up listener for community: 3
2025-06-09 16:44:13 [32minfo[39m: Setting up listener for community: 4
2025-06-09 16:44:13 [32minfo[39m: Setting up listener for community: 4
2025-06-09 16:44:13 [32minfo[39m: Setting up listener for community: 9
2025-06-09 16:44:13 [32minfo[39m: Setting up listener for community: 9
2025-06-09 16:44:13 [32minfo[39m: Setting up listener for community: 1
2025-06-09 16:44:13 [32minfo[39m: Setting up listener for community: 3
2025-06-09 16:44:13 [32minfo[39m: Setting up listener for community: 4
2025-06-09 16:44:13 [32minfo[39m: Setting up listener for community: 9
2025-06-09 16:44:13 [32minfo[39m: Chat listeners setup complete
2025-06-09 16:44:13 [32minfo[39m: Setting up listener for community: 1
2025-06-09 16:44:13 [32minfo[39m: Setting up listener for community: 3
2025-06-09 16:44:13 [32minfo[39m: Setting up listener for community: 4
2025-06-09 16:44:13 [32minfo[39m: Setting up listener for community: 9
2025-06-09 16:44:13 [32minfo[39m: Chat listeners setup complete
2025-06-09 16:44:17 [32minfo[39m: Setting up chat listeners...
2025-06-09 16:44:17 [32minfo[39m: Medication notification scheduler started
2025-06-09 16:44:17 [32minfo[39m: Setting up chat listeners...
2025-06-09 16:44:18 [32minfo[39m: Setting up listener for community: 1
2025-06-09 16:44:18 [32minfo[39m: Setting up listener for community: 1
2025-06-09 16:44:18 [32minfo[39m: Setting up listener for community: 3
2025-06-09 16:44:18 [32minfo[39m: Setting up listener for community: 3
2025-06-09 16:44:18 [32minfo[39m: Setting up listener for community: 4
2025-06-09 16:44:18 [32minfo[39m: Setting up listener for community: 4
2025-06-09 16:44:18 [32minfo[39m: Setting up listener for community: 9
2025-06-09 16:44:18 [32minfo[39m: Setting up listener for community: 9
2025-06-09 16:44:18 [32minfo[39m: Setting up listener for community: 1
2025-06-09 16:44:18 [32minfo[39m: Setting up listener for community: 3
2025-06-09 16:44:18 [32minfo[39m: Setting up listener for community: 4
2025-06-09 16:44:18 [32minfo[39m: Setting up listener for community: 9
2025-06-09 16:44:18 [32minfo[39m: Chat listeners setup complete
2025-06-09 16:44:18 [32minfo[39m: Setting up listener for community: 1
2025-06-09 16:44:18 [32minfo[39m: Setting up listener for community: 3
2025-06-09 16:44:18 [32minfo[39m: Setting up listener for community: 4
2025-06-09 16:44:18 [32minfo[39m: Setting up listener for community: 9
2025-06-09 16:44:18 [32minfo[39m: Chat listeners setup complete
2025-06-09 16:44:23 [32minfo[39m: Setting up chat listeners...
2025-06-09 16:44:23 [32minfo[39m: Medication notification scheduler started
2025-06-09 16:44:23 [32minfo[39m: Setting up chat listeners...
2025-06-09 16:44:24 [32minfo[39m: Setting up listener for community: 1
2025-06-09 16:44:24 [32minfo[39m: Setting up listener for community: 1
2025-06-09 16:44:24 [32minfo[39m: Setting up listener for community: 3
2025-06-09 16:44:24 [32minfo[39m: Setting up listener for community: 3
2025-06-09 16:44:24 [32minfo[39m: Setting up listener for community: 4
2025-06-09 16:44:24 [32minfo[39m: Setting up listener for community: 4
2025-06-09 16:44:24 [32minfo[39m: Setting up listener for community: 9
2025-06-09 16:44:24 [32minfo[39m: Setting up listener for community: 9
2025-06-09 16:44:24 [32minfo[39m: Setting up listener for community: 1
2025-06-09 16:44:24 [32minfo[39m: Setting up listener for community: 3
2025-06-09 16:44:24 [32minfo[39m: Setting up listener for community: 4
2025-06-09 16:44:24 [32minfo[39m: Setting up listener for community: 9
2025-06-09 16:44:24 [32minfo[39m: Chat listeners setup complete
2025-06-09 16:44:24 [32minfo[39m: Setting up listener for community: 1
2025-06-09 16:44:24 [32minfo[39m: Setting up listener for community: 3
2025-06-09 16:44:24 [32minfo[39m: Setting up listener for community: 4
2025-06-09 16:44:24 [32minfo[39m: Setting up listener for community: 9
2025-06-09 16:44:24 [32minfo[39m: Chat listeners setup complete
2025-06-09 16:49:32 [32minfo[39m: Setting up chat listeners...
2025-06-09 16:49:33 [32minfo[39m: Medication notification scheduler started
2025-06-09 16:49:33 [32minfo[39m: Setting up chat listeners...
2025-06-09 16:49:34 [32minfo[39m: Setting up listener for community: 1
2025-06-09 16:49:34 [32minfo[39m: Setting up listener for community: 1
2025-06-09 16:49:34 [32minfo[39m: Setting up listener for community: 3
2025-06-09 16:49:34 [32minfo[39m: Setting up listener for community: 3
2025-06-09 16:49:34 [32minfo[39m: Setting up listener for community: 4
2025-06-09 16:49:34 [32minfo[39m: Setting up listener for community: 4
2025-06-09 16:49:34 [32minfo[39m: Setting up listener for community: 9
2025-06-09 16:49:34 [32minfo[39m: Setting up listener for community: 9
2025-06-09 16:49:34 [32minfo[39m: Setting up listener for community: 1
2025-06-09 16:49:34 [32minfo[39m: Setting up listener for community: 3
2025-06-09 16:49:34 [32minfo[39m: Setting up listener for community: 4
2025-06-09 16:49:34 [32minfo[39m: Setting up listener for community: 9
2025-06-09 16:49:34 [32minfo[39m: Chat listeners setup complete
2025-06-09 16:49:34 [32minfo[39m: Setting up listener for community: 1
2025-06-09 16:49:34 [32minfo[39m: Setting up listener for community: 3
2025-06-09 16:49:34 [32minfo[39m: Setting up listener for community: 4
2025-06-09 16:49:34 [32minfo[39m: Setting up listener for community: 9
2025-06-09 16:49:34 [32minfo[39m: Chat listeners setup complete
2025-06-09 16:49:36 [32minfo[39m: Setting up chat listeners...
2025-06-09 16:49:36 [32minfo[39m: Medication notification scheduler started
2025-06-09 16:49:36 [32minfo[39m: Setting up chat listeners...
2025-06-09 16:49:37 [32minfo[39m: Setting up listener for community: 1
2025-06-09 16:49:37 [32minfo[39m: Setting up listener for community: 1
2025-06-09 16:49:37 [32minfo[39m: Setting up listener for community: 3
2025-06-09 16:49:37 [32minfo[39m: Setting up listener for community: 3
2025-06-09 16:49:37 [32minfo[39m: Setting up listener for community: 4
2025-06-09 16:49:37 [32minfo[39m: Setting up listener for community: 4
2025-06-09 16:49:37 [32minfo[39m: Setting up listener for community: 9
2025-06-09 16:49:37 [32minfo[39m: Setting up listener for community: 9
2025-06-09 16:49:37 [32minfo[39m: Setting up listener for community: 1
2025-06-09 16:49:37 [32minfo[39m: Setting up listener for community: 3
2025-06-09 16:49:37 [32minfo[39m: Setting up listener for community: 4
2025-06-09 16:49:37 [32minfo[39m: Setting up listener for community: 9
2025-06-09 16:49:37 [32minfo[39m: Chat listeners setup complete
2025-06-09 16:49:37 [32minfo[39m: Setting up listener for community: 1
2025-06-09 16:49:37 [32minfo[39m: Setting up listener for community: 3
2025-06-09 16:49:37 [32minfo[39m: Setting up listener for community: 4
2025-06-09 16:49:37 [32minfo[39m: Setting up listener for community: 9
2025-06-09 16:49:37 [32minfo[39m: Chat listeners setup complete
2025-06-09 16:49:45 [32minfo[39m: Setting up chat listeners...
2025-06-09 16:49:45 [32minfo[39m: Medication notification scheduler started
2025-06-09 16:49:45 [32minfo[39m: Setting up chat listeners...
2025-06-09 16:49:46 [32minfo[39m: Setting up listener for community: 1
2025-06-09 16:49:46 [32minfo[39m: Setting up listener for community: 1
2025-06-09 16:49:46 [32minfo[39m: Setting up listener for community: 3
2025-06-09 16:49:46 [32minfo[39m: Setting up listener for community: 3
2025-06-09 16:49:46 [32minfo[39m: Setting up listener for community: 4
2025-06-09 16:49:46 [32minfo[39m: Setting up listener for community: 4
2025-06-09 16:49:46 [32minfo[39m: Setting up listener for community: 9
2025-06-09 16:49:46 [32minfo[39m: Setting up listener for community: 9
2025-06-09 16:49:46 [32minfo[39m: Setting up listener for community: 1
2025-06-09 16:49:46 [32minfo[39m: Setting up listener for community: 3
2025-06-09 16:49:46 [32minfo[39m: Setting up listener for community: 4
2025-06-09 16:49:46 [32minfo[39m: Setting up listener for community: 9
2025-06-09 16:49:46 [32minfo[39m: Chat listeners setup complete
2025-06-09 16:49:46 [32minfo[39m: Setting up listener for community: 1
2025-06-09 16:49:46 [32minfo[39m: Setting up listener for community: 3
2025-06-09 16:49:46 [32minfo[39m: Setting up listener for community: 4
2025-06-09 16:49:46 [32minfo[39m: Setting up listener for community: 9
2025-06-09 16:49:46 [32minfo[39m: Chat listeners setup complete
2025-06-09 16:52:19 [32minfo[39m: Setting up chat listeners...
2025-06-09 16:52:19 [32minfo[39m: Medication notification scheduler started
2025-06-09 16:52:19 [32minfo[39m: Setting up chat listeners...
2025-06-09 16:52:20 [32minfo[39m: Setting up listener for community: 1
2025-06-09 16:52:20 [32minfo[39m: Setting up listener for community: 1
2025-06-09 16:52:20 [32minfo[39m: Setting up listener for community: 3
2025-06-09 16:52:20 [32minfo[39m: Setting up listener for community: 3
2025-06-09 16:52:20 [32minfo[39m: Setting up listener for community: 4
2025-06-09 16:52:20 [32minfo[39m: Setting up listener for community: 4
2025-06-09 16:52:20 [32minfo[39m: Setting up listener for community: 9
2025-06-09 16:52:20 [32minfo[39m: Setting up listener for community: 9
2025-06-09 16:52:20 [32minfo[39m: Setting up listener for community: 1
2025-06-09 16:52:20 [32minfo[39m: Setting up listener for community: 3
2025-06-09 16:52:20 [32minfo[39m: Setting up listener for community: 4
2025-06-09 16:52:20 [32minfo[39m: Setting up listener for community: 9
2025-06-09 16:52:20 [32minfo[39m: Chat listeners setup complete
2025-06-09 16:52:20 [32minfo[39m: Setting up listener for community: 1
2025-06-09 16:52:20 [32minfo[39m: Setting up listener for community: 3
2025-06-09 16:52:20 [32minfo[39m: Setting up listener for community: 4
2025-06-09 16:52:20 [32minfo[39m: Setting up listener for community: 9
2025-06-09 16:52:20 [32minfo[39m: Chat listeners setup complete
2025-06-09 16:52:40 [32minfo[39m: Setting up chat listeners...
2025-06-09 16:52:40 [32minfo[39m: Medication notification scheduler started
2025-06-09 16:52:40 [32minfo[39m: Setting up chat listeners...
2025-06-09 16:52:41 [32minfo[39m: Setting up listener for community: 1
2025-06-09 16:52:41 [32minfo[39m: Setting up listener for community: 1
2025-06-09 16:52:41 [32minfo[39m: Setting up listener for community: 3
2025-06-09 16:52:41 [32minfo[39m: Setting up listener for community: 3
2025-06-09 16:52:41 [32minfo[39m: Setting up listener for community: 4
2025-06-09 16:52:41 [32minfo[39m: Setting up listener for community: 4
2025-06-09 16:52:41 [32minfo[39m: Setting up listener for community: 9
2025-06-09 16:52:41 [32minfo[39m: Setting up listener for community: 9
2025-06-09 16:52:41 [32minfo[39m: Setting up listener for community: 1
2025-06-09 16:52:41 [32minfo[39m: Setting up listener for community: 3
2025-06-09 16:52:41 [32minfo[39m: Setting up listener for community: 4
2025-06-09 16:52:41 [32minfo[39m: Setting up listener for community: 9
2025-06-09 16:52:41 [32minfo[39m: Chat listeners setup complete
2025-06-09 16:52:41 [32minfo[39m: Setting up listener for community: 1
2025-06-09 16:52:41 [32minfo[39m: Setting up listener for community: 3
2025-06-09 16:52:41 [32minfo[39m: Setting up listener for community: 4
2025-06-09 16:52:41 [32minfo[39m: Setting up listener for community: 9
2025-06-09 16:52:41 [32minfo[39m: Chat listeners setup complete
2025-06-09 16:56:31 [32minfo[39m: Setting up chat listeners...
2025-06-09 16:56:31 [32minfo[39m: Medication notification scheduler started
2025-06-09 16:56:31 [32minfo[39m: Setting up chat listeners...
2025-06-09 16:56:32 [32minfo[39m: Setting up listener for community: 1
2025-06-09 16:56:32 [32minfo[39m: Setting up listener for community: 1
2025-06-09 16:56:32 [32minfo[39m: Setting up listener for community: 3
2025-06-09 16:56:32 [32minfo[39m: Setting up listener for community: 3
2025-06-09 16:56:32 [32minfo[39m: Setting up listener for community: 4
2025-06-09 16:56:32 [32minfo[39m: Setting up listener for community: 4
2025-06-09 16:56:32 [32minfo[39m: Setting up listener for community: 9
2025-06-09 16:56:32 [32minfo[39m: Setting up listener for community: 9
2025-06-09 16:56:32 [32minfo[39m: Setting up listener for community: 1
2025-06-09 16:56:32 [32minfo[39m: Setting up listener for community: 3
2025-06-09 16:56:32 [32minfo[39m: Setting up listener for community: 4
2025-06-09 16:56:32 [32minfo[39m: Setting up listener for community: 9
2025-06-09 16:56:32 [32minfo[39m: Chat listeners setup complete
2025-06-09 16:56:32 [32minfo[39m: Setting up listener for community: 1
2025-06-09 16:56:32 [32minfo[39m: Setting up listener for community: 3
2025-06-09 16:56:32 [32minfo[39m: Setting up listener for community: 4
2025-06-09 16:56:32 [32minfo[39m: Setting up listener for community: 9
2025-06-09 16:56:32 [32minfo[39m: Chat listeners setup complete
2025-06-09 16:56:39 [32minfo[39m: Setting up chat listeners...
2025-06-09 16:56:40 [32minfo[39m: Medication notification scheduler started
2025-06-09 16:56:40 [32minfo[39m: Setting up chat listeners...
2025-06-09 16:56:41 [32minfo[39m: Setting up listener for community: 1
2025-06-09 16:56:41 [32minfo[39m: Setting up listener for community: 1
2025-06-09 16:56:41 [32minfo[39m: Setting up listener for community: 3
2025-06-09 16:56:41 [32minfo[39m: Setting up listener for community: 3
2025-06-09 16:56:41 [32minfo[39m: Setting up listener for community: 4
2025-06-09 16:56:41 [32minfo[39m: Setting up listener for community: 4
2025-06-09 16:56:41 [32minfo[39m: Setting up listener for community: 9
2025-06-09 16:56:41 [32minfo[39m: Setting up listener for community: 9
2025-06-09 16:56:41 [32minfo[39m: Setting up listener for community: 1
2025-06-09 16:56:41 [32minfo[39m: Setting up listener for community: 3
2025-06-09 16:56:41 [32minfo[39m: Setting up listener for community: 4
2025-06-09 16:56:41 [32minfo[39m: Setting up listener for community: 9
2025-06-09 16:56:41 [32minfo[39m: Chat listeners setup complete
2025-06-09 16:56:41 [32minfo[39m: Setting up listener for community: 1
2025-06-09 16:56:41 [32minfo[39m: Setting up listener for community: 3
2025-06-09 16:56:41 [32minfo[39m: Setting up listener for community: 4
2025-06-09 16:56:41 [32minfo[39m: Setting up listener for community: 9
2025-06-09 16:56:41 [32minfo[39m: Chat listeners setup complete
2025-06-09 16:57:21 [32minfo[39m: Setting up chat listeners...
2025-06-09 16:57:22 [32minfo[39m: Medication notification scheduler started
2025-06-09 16:57:22 [32minfo[39m: Setting up chat listeners...
2025-06-09 16:57:23 [32minfo[39m: Setting up listener for community: 1
2025-06-09 16:57:23 [32minfo[39m: Setting up listener for community: 1
2025-06-09 16:57:23 [32minfo[39m: Setting up listener for community: 3
2025-06-09 16:57:23 [32minfo[39m: Setting up listener for community: 3
2025-06-09 16:57:23 [32minfo[39m: Setting up listener for community: 4
2025-06-09 16:57:23 [32minfo[39m: Setting up listener for community: 4
2025-06-09 16:57:23 [32minfo[39m: Setting up listener for community: 9
2025-06-09 16:57:23 [32minfo[39m: Setting up listener for community: 9
2025-06-09 16:57:23 [32minfo[39m: Setting up listener for community: 1
2025-06-09 16:57:23 [32minfo[39m: Setting up listener for community: 3
2025-06-09 16:57:23 [32minfo[39m: Setting up listener for community: 4
2025-06-09 16:57:23 [32minfo[39m: Setting up listener for community: 9
2025-06-09 16:57:23 [32minfo[39m: Chat listeners setup complete
2025-06-09 16:57:23 [32minfo[39m: Setting up listener for community: 1
2025-06-09 16:57:23 [32minfo[39m: Setting up listener for community: 3
2025-06-09 16:57:23 [32minfo[39m: Setting up listener for community: 4
2025-06-09 16:57:23 [32minfo[39m: Setting up listener for community: 9
2025-06-09 16:57:23 [32minfo[39m: Chat listeners setup complete
2025-06-09 17:02:22 [32minfo[39m: Setting up chat listeners...
2025-06-09 17:02:23 [32minfo[39m: Medication notification scheduler started
2025-06-09 17:02:23 [32minfo[39m: Setting up chat listeners...
2025-06-09 17:02:24 [32minfo[39m: Setting up listener for community: 1
2025-06-09 17:02:24 [32minfo[39m: Setting up listener for community: 1
2025-06-09 17:02:24 [32minfo[39m: Setting up listener for community: 3
2025-06-09 17:02:24 [32minfo[39m: Setting up listener for community: 3
2025-06-09 17:02:24 [32minfo[39m: Setting up listener for community: 4
2025-06-09 17:02:24 [32minfo[39m: Setting up listener for community: 4
2025-06-09 17:02:24 [32minfo[39m: Setting up listener for community: 9
2025-06-09 17:02:24 [32minfo[39m: Setting up listener for community: 9
2025-06-09 17:02:24 [32minfo[39m: Setting up listener for community: 1
2025-06-09 17:02:24 [32minfo[39m: Setting up listener for community: 3
2025-06-09 17:02:24 [32minfo[39m: Setting up listener for community: 4
2025-06-09 17:02:24 [32minfo[39m: Setting up listener for community: 9
2025-06-09 17:02:24 [32minfo[39m: Chat listeners setup complete
2025-06-09 17:02:24 [32minfo[39m: Setting up listener for community: 1
2025-06-09 17:02:24 [32minfo[39m: Setting up listener for community: 3
2025-06-09 17:02:24 [32minfo[39m: Setting up listener for community: 4
2025-06-09 17:02:24 [32minfo[39m: Setting up listener for community: 9
2025-06-09 17:02:24 [32minfo[39m: Chat listeners setup complete
2025-06-09 17:11:55 [32minfo[39m: Setting up chat listeners...
2025-06-09 17:11:56 [32minfo[39m: Medication notification scheduler started
2025-06-09 17:11:56 [32minfo[39m: Setting up chat listeners...
2025-06-09 17:11:57 [32minfo[39m: Setting up listener for community: 1
2025-06-09 17:11:57 [32minfo[39m: Setting up listener for community: 1
2025-06-09 17:11:57 [32minfo[39m: Setting up listener for community: 3
2025-06-09 17:11:57 [32minfo[39m: Setting up listener for community: 3
2025-06-09 17:11:57 [32minfo[39m: Setting up listener for community: 4
2025-06-09 17:11:57 [32minfo[39m: Setting up listener for community: 4
2025-06-09 17:11:57 [32minfo[39m: Setting up listener for community: 9
2025-06-09 17:11:57 [32minfo[39m: Setting up listener for community: 9
2025-06-09 17:11:57 [32minfo[39m: Setting up listener for community: 1
2025-06-09 17:11:57 [32minfo[39m: Setting up listener for community: 3
2025-06-09 17:11:57 [32minfo[39m: Setting up listener for community: 4
2025-06-09 17:11:57 [32minfo[39m: Setting up listener for community: 9
2025-06-09 17:11:57 [32minfo[39m: Chat listeners setup complete
2025-06-09 17:11:57 [32minfo[39m: Setting up listener for community: 1
2025-06-09 17:11:57 [32minfo[39m: Setting up listener for community: 3
2025-06-09 17:11:57 [32minfo[39m: Setting up listener for community: 4
2025-06-09 17:11:57 [32minfo[39m: Setting up listener for community: 9
2025-06-09 17:11:57 [32minfo[39m: Chat listeners setup complete
