2025-06-13 08:00:53 [32minfo[39m: Setting up chat listeners...
2025-06-13 08:00:53 [32minfo[39m: Medication notification scheduler started
2025-06-13 08:00:53 [32minfo[39m: Setting up chat listeners...
2025-06-13 08:00:55 [32minfo[39m: Setting up listener for community: 1
2025-06-13 08:00:55 [32minfo[39m: Setting up listener for community: 1
2025-06-13 08:00:55 [32minfo[39m: Setting up listener for community: 3
2025-06-13 08:00:55 [32minfo[39m: Setting up listener for community: 3
2025-06-13 08:00:55 [32minfo[39m: Setting up listener for community: 4
2025-06-13 08:00:55 [32minfo[39m: Setting up listener for community: 4
2025-06-13 08:00:55 [32minfo[39m: Setting up listener for community: 9
2025-06-13 08:00:55 [32minfo[39m: Setting up listener for community: 9
2025-06-13 08:00:55 [32minfo[39m: Setting up listener for community: 13
2025-06-13 08:00:55 [32minfo[39m: New message in community 13 from user 4
2025-06-13 08:00:55 [32minfo[39m: Setting up listener for community: 13
2025-06-13 08:00:55 [32minfo[39m: New message in community 13 from user 4
2025-06-13 08:00:55 [32minfo[39m: Setting up listener for community: 15
2025-06-13 08:00:55 [32minfo[39m: Setting up listener for community: 15
2025-06-13 08:00:55 [32minfo[39m: Setting up listener for community: 1
2025-06-13 08:00:55 [32minfo[39m: Setting up listener for community: 3
2025-06-13 08:00:55 [32minfo[39m: Setting up listener for community: 4
2025-06-13 08:00:55 [32minfo[39m: Setting up listener for community: 9
2025-06-13 08:00:55 [32minfo[39m: Setting up listener for community: 13
2025-06-13 08:00:55 [32minfo[39m: New message in community 13 from user 4
2025-06-13 08:00:55 [32minfo[39m: Setting up listener for community: 15
2025-06-13 08:00:55 [32minfo[39m: Chat listeners setup complete
2025-06-13 08:00:55 [32minfo[39m: Setting up listener for community: 1
2025-06-13 08:00:55 [32minfo[39m: Setting up listener for community: 3
2025-06-13 08:00:55 [32minfo[39m: Setting up listener for community: 4
2025-06-13 08:00:55 [32minfo[39m: Setting up listener for community: 9
2025-06-13 08:00:55 [32minfo[39m: Setting up listener for community: 13
2025-06-13 08:00:55 [32minfo[39m: New message in community 13 from user 4
2025-06-13 08:00:55 [32minfo[39m: Setting up listener for community: 15
2025-06-13 08:00:55 [32minfo[39m: Chat listeners setup complete
2025-06-13 08:00:56 [33mwarn[39m: Community 13 not found in database
2025-06-13 08:00:56 [33mwarn[39m: Community 13 not found in database
2025-06-13 08:00:56 [33mwarn[39m: Community 13 not found in database
2025-06-13 08:00:56 [33mwarn[39m: Community 13 not found in database
2025-06-13 08:47:51 [32minfo[39m: New message in community 15 from user 85
2025-06-13 08:47:51 [32minfo[39m: New message in community 15 from user 85
2025-06-13 08:47:51 [32minfo[39m: New message in community 15 from user 85
2025-06-13 08:47:51 [32minfo[39m: New message in community 15 from user 85
2025-06-13 08:47:52 [32minfo[39m: No members to notify
2025-06-13 08:47:52 [32minfo[39m: No members to notify
2025-06-13 08:47:52 [32minfo[39m: No members to notify
2025-06-13 08:47:52 [32minfo[39m: No members to notify
2025-06-13 08:48:02 [32minfo[39m: New message in community 15 from user 85
2025-06-13 08:48:02 [32minfo[39m: New message in community 15 from user 85
2025-06-13 08:48:02 [32minfo[39m: New message in community 15 from user 85
2025-06-13 08:48:02 [32minfo[39m: New message in community 15 from user 85
2025-06-13 08:48:03 [32minfo[39m: No members to notify
2025-06-13 08:48:03 [32minfo[39m: No members to notify
2025-06-13 08:48:03 [32minfo[39m: No members to notify
2025-06-13 08:48:03 [32minfo[39m: No members to notify
2025-06-13 08:48:49 [32minfo[39m: New message in community 15 from user 3
2025-06-13 08:48:49 [32minfo[39m: New message in community 15 from user 3
2025-06-13 08:48:49 [32minfo[39m: New message in community 15 from user 3
2025-06-13 08:48:49 [32minfo[39m: New message in community 15 from user 3
2025-06-13 08:48:51 [32minfo[39m: Chat notifications sent for message msg_1749822545484_gote9ipn
2025-06-13 08:48:51 [32minfo[39m: Chat notifications sent for message msg_1749822545484_gote9ipn
2025-06-13 08:48:51 [32minfo[39m: Chat notifications sent for message msg_1749822545484_gote9ipn
2025-06-13 08:48:51 [32minfo[39m: Chat notifications sent for message msg_1749822545484_gote9ipn
2025-06-13 08:48:53 [32minfo[39m: New message in community 15 from user 85
2025-06-13 08:48:53 [32minfo[39m: New message in community 15 from user 85
2025-06-13 08:48:53 [32minfo[39m: New message in community 15 from user 85
2025-06-13 08:48:53 [32minfo[39m: New message in community 15 from user 85
2025-06-13 08:48:54 [32minfo[39m: Chat notifications sent for message msg_1749822549133_sapv55x2
2025-06-13 08:48:54 [32minfo[39m: Chat notifications sent for message msg_1749822549133_sapv55x2
2025-06-13 08:48:54 [32minfo[39m: Chat notifications sent for message msg_1749822549133_sapv55x2
2025-06-13 08:48:54 [32minfo[39m: Chat notifications sent for message msg_1749822549133_sapv55x2
2025-06-13 08:49:00 [32minfo[39m: New message in community 15 from user 85
2025-06-13 08:49:00 [32minfo[39m: New message in community 15 from user 85
2025-06-13 08:49:00 [32minfo[39m: New message in community 15 from user 85
2025-06-13 08:49:00 [32minfo[39m: New message in community 15 from user 85
2025-06-13 08:49:01 [32minfo[39m: Chat notifications sent for message msg_1749822555970_ykfavawr
2025-06-13 08:49:01 [32minfo[39m: Chat notifications sent for message msg_1749822555970_ykfavawr
2025-06-13 08:49:01 [32minfo[39m: Chat notifications sent for message msg_1749822555970_ykfavawr
2025-06-13 08:49:01 [32minfo[39m: Chat notifications sent for message msg_1749822555970_ykfavawr
2025-06-13 08:49:01 [32minfo[39m: New message in community 15 from user 3
2025-06-13 08:49:01 [32minfo[39m: New message in community 15 from user 3
2025-06-13 08:49:01 [32minfo[39m: New message in community 15 from user 3
2025-06-13 08:49:01 [32minfo[39m: New message in community 15 from user 3
2025-06-13 08:49:01 [32minfo[39m: Chat notifications sent for message msg_1749822556899_audzbwnx
2025-06-13 08:49:02 [32minfo[39m: Chat notifications sent for message msg_1749822556899_audzbwnx
2025-06-13 08:49:02 [32minfo[39m: Chat notifications sent for message msg_1749822556899_audzbwnx
2025-06-13 08:49:02 [32minfo[39m: Chat notifications sent for message msg_1749822556899_audzbwnx
2025-06-13 08:49:06 [32minfo[39m: New message in community 15 from user 85
2025-06-13 08:49:06 [32minfo[39m: New message in community 15 from user 85
2025-06-13 08:49:06 [32minfo[39m: New message in community 15 from user 85
2025-06-13 08:49:06 [32minfo[39m: New message in community 15 from user 85
2025-06-13 08:49:06 [32minfo[39m: Chat notifications sent for message msg_1749822561850_h7us0f2v
2025-06-13 08:49:06 [32minfo[39m: Chat notifications sent for message msg_1749822561850_h7us0f2v
2025-06-13 08:49:06 [32minfo[39m: Chat notifications sent for message msg_1749822561850_h7us0f2v
2025-06-13 08:49:06 [32minfo[39m: Chat notifications sent for message msg_1749822561850_h7us0f2v
