2025-05-27 21:00:02 [31merror[39m: Error
    at Query.run (C:\Users\ASUS\OneDrive\Escritorio\QfindeR\project_final\backend\Qfinder_backend\node_modules\sequelize\lib\dialects\postgres\query.js:50:25)
    at C:\Users\ASUS\OneDrive\Escritorio\QfindeR\project_final\backend\Qfinder_backend\node_modules\sequelize\lib\sequelize.js:315:28
    at process.processTicksAndRejections (node:internal/process/task_queues:105:5)
    at async PostgresQueryInterface.select (C:\Users\ASUS\OneDrive\Escritorio\QfindeR\project_final\backend\Qfinder_backend\node_modules\sequelize\lib\dialects\abstract\query-interface.js:407:12)
    at async PacienteMedicamento.findAll (C:\Users\ASUS\OneDrive\Escritorio\QfindeR\project_final\backend\Qfinder_backend\node_modules\sequelize\lib\model.js:1140:21)
    at async MedicationNotificationService.checkMedicationNotifications (file:///C:/Users/ASUS/OneDrive/Escritorio/QfindeR/project_final/backend/Qfinder_backend/src/firebaseServices/medication.service.js:44:28)
    at async C:\Users\ASUS\OneDrive\Escritorio\QfindeR\project_final\backend\Qfinder_backend\node_modules\node-cron\dist\esm\scheduler\runner.js:67:44
2025-05-27 21:10:02 [31merror[39m: Error
    at Query.run (C:\Users\ASUS\OneDrive\Escritorio\QfindeR\project_final\backend\Qfinder_backend\node_modules\sequelize\lib\dialects\postgres\query.js:50:25)
    at C:\Users\ASUS\OneDrive\Escritorio\QfindeR\project_final\backend\Qfinder_backend\node_modules\sequelize\lib\sequelize.js:315:28
    at process.processTicksAndRejections (node:internal/process/task_queues:105:5)
    at async PostgresQueryInterface.select (C:\Users\ASUS\OneDrive\Escritorio\QfindeR\project_final\backend\Qfinder_backend\node_modules\sequelize\lib\dialects\abstract\query-interface.js:407:12)
    at async PacienteMedicamento.findAll (C:\Users\ASUS\OneDrive\Escritorio\QfindeR\project_final\backend\Qfinder_backend\node_modules\sequelize\lib\model.js:1140:21)
    at async MedicationNotificationService.checkMedicationNotifications (file:///C:/Users/ASUS/OneDrive/Escritorio/QfindeR/project_final/backend/Qfinder_backend/src/firebaseServices/medication.service.js:44:28)
    at async C:\Users\ASUS\OneDrive\Escritorio\QfindeR\project_final\backend\Qfinder_backend\node_modules\node-cron\dist\esm\scheduler\runner.js:67:44
2025-05-27 21:20:03 [31merror[39m: Error
    at Query.run (C:\Users\ASUS\OneDrive\Escritorio\QfindeR\project_final\backend\Qfinder_backend\node_modules\sequelize\lib\dialects\postgres\query.js:50:25)
    at C:\Users\ASUS\OneDrive\Escritorio\QfindeR\project_final\backend\Qfinder_backend\node_modules\sequelize\lib\sequelize.js:315:28
    at process.processTicksAndRejections (node:internal/process/task_queues:105:5)
    at async PostgresQueryInterface.select (C:\Users\ASUS\OneDrive\Escritorio\QfindeR\project_final\backend\Qfinder_backend\node_modules\sequelize\lib\dialects\abstract\query-interface.js:407:12)
    at async PacienteMedicamento.findAll (C:\Users\ASUS\OneDrive\Escritorio\QfindeR\project_final\backend\Qfinder_backend\node_modules\sequelize\lib\model.js:1140:21)
    at async MedicationNotificationService.checkMedicationNotifications (file:///C:/Users/ASUS/OneDrive/Escritorio/QfindeR/project_final/backend/Qfinder_backend/src/firebaseServices/medication.service.js:44:28)
    at async C:\Users\ASUS\OneDrive\Escritorio\QfindeR\project_final\backend\Qfinder_backend\node_modules\node-cron\dist\esm\scheduler\runner.js:67:44
2025-05-27 21:30:01 [31merror[39m: Error
    at Query.run (C:\Users\ASUS\OneDrive\Escritorio\QfindeR\project_final\backend\Qfinder_backend\node_modules\sequelize\lib\dialects\postgres\query.js:50:25)
    at C:\Users\ASUS\OneDrive\Escritorio\QfindeR\project_final\backend\Qfinder_backend\node_modules\sequelize\lib\sequelize.js:315:28
    at process.processTicksAndRejections (node:internal/process/task_queues:105:5)
    at async PostgresQueryInterface.select (C:\Users\ASUS\OneDrive\Escritorio\QfindeR\project_final\backend\Qfinder_backend\node_modules\sequelize\lib\dialects\abstract\query-interface.js:407:12)
    at async PacienteMedicamento.findAll (C:\Users\ASUS\OneDrive\Escritorio\QfindeR\project_final\backend\Qfinder_backend\node_modules\sequelize\lib\model.js:1140:21)
    at async MedicationNotificationService.checkMedicationNotifications (file:///C:/Users/ASUS/OneDrive/Escritorio/QfindeR/project_final/backend/Qfinder_backend/src/firebaseServices/medication.service.js:44:28)
    at async C:\Users\ASUS\OneDrive\Escritorio\QfindeR\project_final\backend\Qfinder_backend\node_modules\node-cron\dist\esm\scheduler\runner.js:67:44
